INFO 2021-07-23 23:02:53,496 basehttp 154 "GET / HTTP/1.1" 200 4
INFO 2021-07-23 23:04:42,207 urls 25 info
INFO 2021-07-23 23:04:42,208 basehttp 154 "GET / HTTP/1.1" 200 4
INFO 2021-07-23 23:08:14,415 urls 25 info
INFO 2021-07-23 23:08:14,415 basehttp 154 "GET / HTTP/1.1" 200 4
INFO 2021-07-23 23:08:23,108 basehttp 154 "GET /static/index.html HTTP/1.1" 200 12002
INFO 2021-07-23 23:08:23,126 basehttp 154 "GET /static/md_css/monokai.css HTTP/1.1" 200 4118
INFO 2021-07-23 23:08:23,127 basehttp 154 "GET /static/bootstrap/css/bootstrap.min.css HTTP/1.1" 200 140942
INFO 2021-07-23 23:08:23,143 basehttp 154 "GET /static/common/jquery.pagination.css HTTP/1.1" 200 523
INFO 2021-07-23 23:08:23,144 basehttp 154 "GET /static/common/common.css HTTP/1.1" 200 381
INFO 2021-07-23 23:08:23,144 basehttp 154 "GET /static/js/axios-0.18.0.min.js HTTP/1.1" 200 12941
INFO 2021-07-23 23:08:23,145 basehttp 154 "GET /static/js/jquery-1.12.4.min.js HTTP/1.1" 200 97163
INFO 2021-07-23 23:08:23,146 basehttp 154 "GET /static/js/vue-2.5.16.js HTTP/1.1" 200 289307
INFO 2021-07-23 23:08:23,164 basehttp 154 "GET /static/js/host.js HTTP/1.1" 200 35
INFO 2021-07-23 23:08:23,168 basehttp 154 "GET /static/js/common.js HTTP/1.1" 200 891
INFO 2021-07-23 23:08:23,174 basehttp 154 "GET /static/js/index.js HTTP/1.1" 200 530
INFO 2021-07-23 23:08:23,177 basehttp 154 "GET /static/js/jquery.pagination.min.js HTTP/1.1" 200 2935
INFO 2021-07-23 23:08:23,181 basehttp 154 "GET /static/img/1.jpg HTTP/1.1" 200 78682
INFO 2021-07-23 23:08:35,401 basehttp 154 "GET /static/404.html HTTP/1.1" 200 1177
INFO 2021-07-23 23:08:35,421 basehttp 154 "GET /static/img/404.png HTTP/1.1" 200 107422
INFO 2021-07-23 23:22:06,650 basehttp 154 "GET /register HTTP/1.1" 301 0
INFO 2021-07-23 23:22:06,666 basehttp 154 "GET /register/ HTTP/1.1" 200 5131
WARNING 2021-07-23 23:22:06,686 log 222 Not Found: /register/bootstrap/css/bootstrap.min.css
WARNING 2021-07-23 23:22:06,687 log 222 Not Found: /register/js/vue-2.5.16.js
WARNING 2021-07-23 23:22:06,689 basehttp 154 "GET /register/bootstrap/css/bootstrap.min.css HTTP/1.1" 404 2232
WARNING 2021-07-23 23:22:06,691 log 222 Not Found: /register/js/axios-0.18.0.min.js
WARNING 2021-07-23 23:22:06,692 basehttp 154 "GET /register/js/vue-2.5.16.js HTTP/1.1" 404 2187
WARNING 2021-07-23 23:22:06,693 basehttp 154 "GET /register/js/axios-0.18.0.min.js HTTP/1.1" 404 2205
WARNING 2021-07-23 23:22:06,698 log 222 Not Found: /register/js/host.js
WARNING 2021-07-23 23:22:06,702 log 222 Not Found: /register/js/common.js
WARNING 2021-07-23 23:22:06,703 log 222 Not Found: /register/js/register.js
WARNING 2021-07-23 23:22:06,703 basehttp 154 "GET /register/js/host.js HTTP/1.1" 404 2169
WARNING 2021-07-23 23:22:06,705 basehttp 154 "GET /register/js/register.js HTTP/1.1" 404 2181
WARNING 2021-07-23 23:22:06,707 log 222 Not Found: /register/img/image_code.png
WARNING 2021-07-23 23:22:06,707 basehttp 154 "GET /register/js/common.js HTTP/1.1" 404 2175
WARNING 2021-07-23 23:22:06,708 basehttp 154 "GET /register/img/image_code.png HTTP/1.1" 404 2193
WARNING 2021-07-23 23:22:06,714 log 222 Not Found: /register/js/register.js
WARNING 2021-07-23 23:22:06,714 basehttp 154 "GET /register/js/register.js HTTP/1.1" 404 2181
INFO 2021-07-23 23:22:13,886 basehttp 154 "GET /register/ HTTP/1.1" 200 5131
WARNING 2021-07-23 23:22:13,905 log 222 Not Found: /register/bootstrap/css/bootstrap.min.css
WARNING 2021-07-23 23:22:13,908 log 222 Not Found: /register/js/vue-2.5.16.js
WARNING 2021-07-23 23:22:13,909 log 222 Not Found: /register/js/axios-0.18.0.min.js
WARNING 2021-07-23 23:22:13,910 basehttp 154 "GET /register/bootstrap/css/bootstrap.min.css HTTP/1.1" 404 2232
WARNING 2021-07-23 23:22:13,910 basehttp 154 "GET /register/js/vue-2.5.16.js HTTP/1.1" 404 2187
WARNING 2021-07-23 23:22:13,911 basehttp 154 "GET /register/js/axios-0.18.0.min.js HTTP/1.1" 404 2205
WARNING 2021-07-23 23:22:13,919 log 222 Not Found: /register/js/host.js
WARNING 2021-07-23 23:22:13,924 log 222 Not Found: /register/img/image_code.png
WARNING 2021-07-23 23:22:13,927 log 222 Not Found: /register/js/common.js
WARNING 2021-07-23 23:22:13,930 log 222 Not Found: /register/js/register.js
WARNING 2021-07-23 23:22:13,930 basehttp 154 "GET /register/js/host.js HTTP/1.1" 404 2169
WARNING 2021-07-23 23:22:13,930 basehttp 154 "GET /register/img/image_code.png HTTP/1.1" 404 2193
WARNING 2021-07-23 23:22:13,931 basehttp 154 "GET /register/js/common.js HTTP/1.1" 404 2175
WARNING 2021-07-23 23:22:13,932 basehttp 154 "GET /register/js/register.js HTTP/1.1" 404 2181
INFO 2021-07-23 23:22:45,256 basehttp 154 "GET /register/ HTTP/1.1" 200 5131
WARNING 2021-07-23 23:22:45,273 log 222 Not Found: /register/js/vue-2.5.16.js
WARNING 2021-07-23 23:22:45,274 log 222 Not Found: /register/js/axios-0.18.0.min.js
WARNING 2021-07-23 23:22:45,276 log 222 Not Found: /register/bootstrap/css/bootstrap.min.css
WARNING 2021-07-23 23:22:45,277 basehttp 154 "GET /register/js/vue-2.5.16.js HTTP/1.1" 404 2187
WARNING 2021-07-23 23:22:45,278 basehttp 154 "GET /register/js/axios-0.18.0.min.js HTTP/1.1" 404 2205
WARNING 2021-07-23 23:22:45,278 basehttp 154 "GET /register/bootstrap/css/bootstrap.min.css HTTP/1.1" 404 2232
WARNING 2021-07-23 23:22:45,284 log 222 Not Found: /register/js/host.js
WARNING 2021-07-23 23:22:45,301 log 222 Not Found: /register/js/axios-0.18.0.min.js
WARNING 2021-07-23 23:22:45,302 log 222 Not Found: /register/js/common.js
WARNING 2021-07-23 23:22:45,302 basehttp 154 "GET /register/js/host.js HTTP/1.1" 404 2169
WARNING 2021-07-23 23:22:45,303 basehttp 154 "GET /register/js/axios-0.18.0.min.js HTTP/1.1" 404 2205
WARNING 2021-07-23 23:22:45,303 basehttp 154 "GET /register/js/common.js HTTP/1.1" 404 2175
WARNING 2021-07-23 23:22:45,316 log 222 Not Found: /register/js/register.js
WARNING 2021-07-23 23:22:45,318 log 222 Not Found: /register/img/image_code.png
WARNING 2021-07-23 23:22:45,319 basehttp 154 "GET /register/js/register.js HTTP/1.1" 404 2181
WARNING 2021-07-23 23:22:45,321 log 222 Not Found: /register/js/host.js
WARNING 2021-07-23 23:22:45,321 basehttp 154 "GET /register/img/image_code.png HTTP/1.1" 404 2193
WARNING 2021-07-23 23:22:45,321 basehttp 154 "GET /register/js/host.js HTTP/1.1" 404 2169
WARNING 2021-07-23 23:22:45,331 log 222 Not Found: /register/js/common.js
WARNING 2021-07-23 23:22:45,331 basehttp 154 "GET /register/js/common.js HTTP/1.1" 404 2175
WARNING 2021-07-23 23:22:45,338 log 222 Not Found: /register/js/register.js
WARNING 2021-07-23 23:22:45,338 basehttp 154 "GET /register/js/register.js HTTP/1.1" 404 2181
INFO 2021-07-23 23:22:46,178 basehttp 154 "GET /register/ HTTP/1.1" 200 5131
WARNING 2021-07-23 23:22:46,195 log 222 Not Found: /register/bootstrap/css/bootstrap.min.css
WARNING 2021-07-23 23:22:46,197 basehttp 154 "GET /register/bootstrap/css/bootstrap.min.css HTTP/1.1" 404 2232
WARNING 2021-07-23 23:22:46,199 log 222 Not Found: /register/js/axios-0.18.0.min.js
WARNING 2021-07-23 23:22:46,200 log 222 Not Found: /register/js/vue-2.5.16.js
WARNING 2021-07-23 23:22:46,201 basehttp 154 "GET /register/js/axios-0.18.0.min.js HTTP/1.1" 404 2205
WARNING 2021-07-23 23:22:46,201 basehttp 154 "GET /register/js/vue-2.5.16.js HTTP/1.1" 404 2187
WARNING 2021-07-23 23:22:46,208 log 222 Not Found: /register/js/host.js
WARNING 2021-07-23 23:22:46,211 log 222 Not Found: /register/js/axios-0.18.0.min.js
WARNING 2021-07-23 23:22:46,211 basehttp 154 "GET /register/js/axios-0.18.0.min.js HTTP/1.1" 404 2205
WARNING 2021-07-23 23:22:46,211 basehttp 154 "GET /register/js/host.js HTTP/1.1" 404 2169
WARNING 2021-07-23 23:22:46,213 log 222 Not Found: /register/js/common.js
WARNING 2021-07-23 23:22:46,214 basehttp 154 "GET /register/js/common.js HTTP/1.1" 404 2175
WARNING 2021-07-23 23:22:46,220 log 222 Not Found: /register/js/register.js
WARNING 2021-07-23 23:22:46,223 log 222 Not Found: /register/img/image_code.png
WARNING 2021-07-23 23:22:46,224 log 222 Not Found: /register/js/host.js
WARNING 2021-07-23 23:22:46,226 basehttp 154 "GET /register/js/register.js HTTP/1.1" 404 2181
WARNING 2021-07-23 23:22:46,226 basehttp 154 "GET /register/img/image_code.png HTTP/1.1" 404 2193
WARNING 2021-07-23 23:22:46,227 basehttp 154 "GET /register/js/host.js HTTP/1.1" 404 2169
WARNING 2021-07-23 23:22:46,236 log 222 Not Found: /register/js/common.js
WARNING 2021-07-23 23:22:46,236 basehttp 154 "GET /register/js/common.js HTTP/1.1" 404 2175
WARNING 2021-07-23 23:22:46,244 log 222 Not Found: /register/js/register.js
WARNING 2021-07-23 23:22:46,244 basehttp 154 "GET /register/js/register.js HTTP/1.1" 404 2181
INFO 2021-07-23 23:25:54,357 basehttp 154 "GET /register/ HTTP/1.1" 200 5131
WARNING 2021-07-23 23:25:54,385 log 222 Not Found: /register/bootstrap/css/bootstrap.min.css
WARNING 2021-07-23 23:25:54,386 log 222 Not Found: /register/js/axios-0.18.0.min.js
WARNING 2021-07-23 23:25:54,388 log 222 Not Found: /register/js/vue-2.5.16.js
WARNING 2021-07-23 23:25:54,389 basehttp 154 "GET /register/bootstrap/css/bootstrap.min.css HTTP/1.1" 404 2232
WARNING 2021-07-23 23:25:54,390 basehttp 154 "GET /register/js/axios-0.18.0.min.js HTTP/1.1" 404 2205
WARNING 2021-07-23 23:25:54,390 basehttp 154 "GET /register/js/vue-2.5.16.js HTTP/1.1" 404 2187
WARNING 2021-07-23 23:25:54,401 log 222 Not Found: /register/js/host.js
WARNING 2021-07-23 23:25:54,402 log 222 Not Found: /register/js/common.js
WARNING 2021-07-23 23:25:54,403 log 222 Not Found: /register/js/axios-0.18.0.min.js
WARNING 2021-07-23 23:25:54,405 basehttp 154 "GET /register/js/host.js HTTP/1.1" 404 2169
WARNING 2021-07-23 23:25:54,405 basehttp 154 "GET /register/js/common.js HTTP/1.1" 404 2175
WARNING 2021-07-23 23:25:54,405 basehttp 154 "GET /register/js/axios-0.18.0.min.js HTTP/1.1" 404 2205
WARNING 2021-07-23 23:25:54,414 log 222 Not Found: /register/js/register.js
WARNING 2021-07-23 23:25:54,416 log 222 Not Found: /register/img/image_code.png
WARNING 2021-07-23 23:25:54,416 basehttp 154 "GET /register/js/register.js HTTP/1.1" 404 2181
WARNING 2021-07-23 23:25:54,417 basehttp 154 "GET /register/img/image_code.png HTTP/1.1" 404 2193
WARNING 2021-07-23 23:25:54,419 log 222 Not Found: /register/js/host.js
WARNING 2021-07-23 23:25:54,420 basehttp 154 "GET /register/js/host.js HTTP/1.1" 404 2169
WARNING 2021-07-23 23:25:54,428 log 222 Not Found: /register/js/common.js
WARNING 2021-07-23 23:25:54,428 basehttp 154 "GET /register/js/common.js HTTP/1.1" 404 2175
WARNING 2021-07-23 23:25:54,436 log 222 Not Found: /register/js/register.js
WARNING 2021-07-23 23:25:54,436 basehttp 154 "GET /register/js/register.js HTTP/1.1" 404 2181
INFO 2021-07-23 23:38:57,762 basehttp 154 "GET /register/ HTTP/1.1" 200 5319
INFO 2021-07-23 23:38:58,601 basehttp 154 "GET /static/js/register.js HTTP/1.1" 200 6407
WARNING 2021-07-23 23:38:58,633 log 222 Not Found: /imagecode/
WARNING 2021-07-23 23:38:58,634 basehttp 154 "GET /imagecode/?uuid=1cf8b6e4-8f59-4549-b242-55c4a07bd152 HTTP/1.1" 404 2184
WARNING 2021-07-24 17:35:18,806 log 222 Not Found: /
WARNING 2021-07-24 17:35:18,807 basehttp 154 "GET / HTTP/1.1" 404 2269
WARNING 2021-07-24 17:35:19,199 log 222 Not Found: /favicon.ico
WARNING 2021-07-24 17:35:19,200 basehttp 154 "GET /favicon.ico HTTP/1.1" 404 2320
INFO 2021-07-24 17:40:07,058 basehttp 154 "GET /imagecode/?uuid=123 HTTP/1.1" 200 3037
WARNING 2021-07-24 18:24:20,630 log 222 Not Found: /
WARNING 2021-07-24 18:24:20,630 basehttp 154 "GET / HTTP/1.1" 404 2269
INFO 2021-07-24 18:24:39,708 basehttp 154 "GET /register/ HTTP/1.1" 200 5319
INFO 2021-07-24 18:24:40,554 basehttp 154 "GET /static/js/register.js HTTP/1.1" 200 6407
INFO 2021-07-24 18:24:40,617 basehttp 154 "GET /imagecode/?uuid=81a11f50-fb21-4f56-9651-630174cc5adb HTTP/1.1" 200 3231
INFO 2021-07-24 18:24:42,514 basehttp 154 "GET /imagecode/?uuid=7c7a0fcb-87a2-4637-aa60-7692056864ab HTTP/1.1" 200 3049
INFO 2021-07-24 18:24:45,127 basehttp 154 "GET /imagecode/?uuid=424c926c-1db2-4bf3-a262-55647f5f0fb8 HTTP/1.1" 200 3263
INFO 2021-07-24 18:25:57,493 basehttp 154 "GET /imagecode/?uuid=150ad36a-043a-4b2f-a914-137b034c73af HTTP/1.1" 200 3465
INFO 2021-07-24 18:48:30,662 basehttp 154 "GET /register/ HTTP/1.1" 200 5319
INFO 2021-07-24 18:48:30,789 basehttp 154 "GET /imagecode/?uuid=242398ab-088f-4625-9226-9295306869ea HTTP/1.1" 200 3367
INFO 2021-07-24 18:49:06,104 basehttp 154 "GET /imagecode/?uuid=71a73b6c-498c-47c9-a5e2-722d1238d552 HTTP/1.1" 200 2722
INFO 2021-07-24 18:49:07,185 basehttp 154 "GET /imagecode/?uuid=474987dc-3434-49b6-829a-3d2bd972b76c HTTP/1.1" 200 2851
WARNING 2021-07-24 18:49:56,793 log 222 Not Found: /smscode/
WARNING 2021-07-24 18:49:56,795 basehttp 154 "GET /smscode/?mobile=13333333333&image_code=st17&uuid=474987dc-3434-49b6-829a-3d2bd972b76c HTTP/1.1" 404 2396
INFO 2021-07-24 18:50:02,910 basehttp 154 "GET /register/ HTTP/1.1" 200 5319
INFO 2021-07-24 18:50:02,989 basehttp 154 "GET /imagecode/?uuid=990484fc-d3d6-431c-a327-328630429e76 HTTP/1.1" 200 3264
WARNING 2021-07-24 18:50:16,429 log 222 Not Found: /smscode/
WARNING 2021-07-24 18:50:16,430 basehttp 154 "GET /smscode/?mobile=17858239518&image_code=43ww&uuid=990484fc-d3d6-431c-a327-328630429e76 HTTP/1.1" 404 2396
WARNING 2021-07-24 18:51:18,800 log 222 Not Found: /
WARNING 2021-07-24 18:51:18,801 basehttp 154 "GET / HTTP/1.1" 404 2269
INFO 2021-07-24 18:51:23,441 basehttp 154 "GET /register/ HTTP/1.1" 200 5319
INFO 2021-07-24 18:51:23,523 basehttp 154 "GET /imagecode/?uuid=52529faf-3369-4c07-b452-c1a605ae0da6 HTTP/1.1" 200 3224
WARNING 2021-07-24 18:51:35,627 log 222 Not Found: /smscode/
WARNING 2021-07-24 18:51:35,627 basehttp 154 "GET /smscode/?mobile=17858239518&image_code=nl7j&uuid=52529faf-3369-4c07-b452-c1a605ae0da6 HTTP/1.1" 404 2396
INFO 2021-07-24 18:58:34,624 basehttp 154 "GET /register/ HTTP/1.1" 200 5319
INFO 2021-07-24 18:58:34,712 basehttp 154 "GET /imagecode/?uuid=4d597dae-4183-4ba6-a8d2-e7528c81d27f HTTP/1.1" 200 3378
INFO 2021-07-24 18:58:41,369 basehttp 154 "GET /imagecode/?uuid=b6b57214-daf3-40d0-8f0c-6d76189aac39 HTTP/1.1" 200 3280
ERROR 2021-07-24 18:58:43,225 log 222 Internal Server Error: /smscode/
Traceback (most recent call last):
  File "D:\Python\lib\site-packages\django\core\handlers\exception.py", line 34, in inner
    response = get_response(request)
  File "D:\Python\lib\site-packages\django\core\handlers\base.py", line 135, in _get_response
    raise ValueError(
ValueError: The view users.views.SmsCodeView didn't return an HttpResponse object. It returned None instead.
ERROR 2021-07-24 18:58:43,226 basehttp 154 "GET /smscode/?mobile=17858239518&image_code=qqqq&uuid=b6b57214-daf3-40d0-8f0c-6d76189aac39 HTTP/1.1" 500 63079
WARNING 2021-07-24 19:00:19,252 log 222 Not Found: /
WARNING 2021-07-24 19:00:19,252 basehttp 154 "GET / HTTP/1.1" 404 2440
INFO 2021-07-24 19:00:20,532 basehttp 154 "GET /register/ HTTP/1.1" 200 5178
INFO 2021-07-24 19:00:20,773 basehttp 154 "GET /imagecode/?uuid=6d6a99fe-29fc-4724-a473-0c0f79069d12 HTTP/1.1" 200 2997
ERROR 2021-07-24 19:00:28,737 log 222 Internal Server Error: /smscode/
Traceback (most recent call last):
  File "D:\Python\lib\site-packages\django\core\handlers\exception.py", line 34, in inner
    response = get_response(request)
  File "D:\Python\lib\site-packages\django\core\handlers\base.py", line 135, in _get_response
    raise ValueError(
ValueError: The view users.views.SmsCodeView didn't return an HttpResponse object. It returned None instead.
ERROR 2021-07-24 19:00:28,739 basehttp 154 "GET /smscode/?mobile=17858239518&image_code=qewe&uuid=6d6a99fe-29fc-4724-a473-0c0f79069d12 HTTP/1.1" 500 63079
WARNING 2021-07-24 23:26:55,165 log 222 Not Found: /
WARNING 2021-07-24 23:26:55,166 basehttp 154 "GET / HTTP/1.1" 404 2440
INFO 2021-07-24 23:26:57,346 basehttp 154 "GET /register/ HTTP/1.1" 200 5178
ERROR 2021-07-24 23:26:59,835 log 222 Internal Server Error: /imagecode/
Traceback (most recent call last):
  File "D:\Python\lib\site-packages\redis\connection.py", line 559, in connect
    sock = self._connect()
  File "D:\Python\lib\site-packages\redis\connection.py", line 615, in _connect
    raise err
  File "D:\Python\lib\site-packages\redis\connection.py", line 603, in _connect
    sock.connect(socket_address)
ConnectionRefusedError: [WinError 10061] 由于目标计算机积极拒绝，无法连接。

During handling of the above exception, another exception occurred:

Traceback (most recent call last):
  File "D:\Python\lib\site-packages\django\core\handlers\exception.py", line 34, in inner
    response = get_response(request)
  File "D:\Python\lib\site-packages\django\core\handlers\base.py", line 126, in _get_response
    response = self.process_exception_by_middleware(e, request)
  File "D:\Python\lib\site-packages\django\core\handlers\base.py", line 124, in _get_response
    response = wrapped_callback(request, *callback_args, **callback_kwargs)
  File "D:\Python\lib\site-packages\django\views\generic\base.py", line 68, in view
    return self.dispatch(request, *args, **kwargs)
  File "D:\Python\lib\site-packages\django\views\generic\base.py", line 88, in dispatch
    return handler(request, *args, **kwargs)
  File "D:\webspace\iGEM\pywork\Blog\myblog\users\views.py", line 72, in get
    redis_conn.setex('img:%s' % uuid, 300, text)
  File "D:\Python\lib\site-packages\redis\client.py", line 1822, in setex
    return self.execute_command('SETEX', name, time, value)
  File "D:\Python\lib\site-packages\redis\client.py", line 898, in execute_command
    conn = self.connection or pool.get_connection(command_name, **options)
  File "D:\Python\lib\site-packages\redis\connection.py", line 1192, in get_connection
    connection.connect()
  File "D:\Python\lib\site-packages\redis\connection.py", line 563, in connect
    raise ConnectionError(self._error_message(e))
redis.exceptions.ConnectionError: Error 10061 connecting to 127.0.0.1:6379. 由于目标计算机积极拒绝，无法连接。.
ERROR 2021-07-24 23:26:59,841 basehttp 154 "GET /imagecode/?uuid=bef8cc79-e7bb-4deb-88af-54ba70fafc34 HTTP/1.1" 500 124233
WARNING 2021-07-24 23:26:59,853 log 222 Not Found: /favicon.ico
WARNING 2021-07-24 23:26:59,853 basehttp 154 "GET /favicon.ico HTTP/1.1" 404 2491
INFO 2021-07-24 23:27:04,727 basehttp 154 "GET /register/ HTTP/1.1" 200 5178
ERROR 2021-07-24 23:27:06,917 log 222 Internal Server Error: /imagecode/
Traceback (most recent call last):
  File "D:\Python\lib\site-packages\redis\connection.py", line 559, in connect
    sock = self._connect()
  File "D:\Python\lib\site-packages\redis\connection.py", line 615, in _connect
    raise err
  File "D:\Python\lib\site-packages\redis\connection.py", line 603, in _connect
    sock.connect(socket_address)
ConnectionRefusedError: [WinError 10061] 由于目标计算机积极拒绝，无法连接。

During handling of the above exception, another exception occurred:

Traceback (most recent call last):
  File "D:\Python\lib\site-packages\django\core\handlers\exception.py", line 34, in inner
    response = get_response(request)
  File "D:\Python\lib\site-packages\django\core\handlers\base.py", line 126, in _get_response
    response = self.process_exception_by_middleware(e, request)
  File "D:\Python\lib\site-packages\django\core\handlers\base.py", line 124, in _get_response
    response = wrapped_callback(request, *callback_args, **callback_kwargs)
  File "D:\Python\lib\site-packages\django\views\generic\base.py", line 68, in view
    return self.dispatch(request, *args, **kwargs)
  File "D:\Python\lib\site-packages\django\views\generic\base.py", line 88, in dispatch
    return handler(request, *args, **kwargs)
  File "D:\webspace\iGEM\pywork\Blog\myblog\users\views.py", line 72, in get
    redis_conn.setex('img:%s' % uuid, 300, text)
  File "D:\Python\lib\site-packages\redis\client.py", line 1822, in setex
    return self.execute_command('SETEX', name, time, value)
  File "D:\Python\lib\site-packages\redis\client.py", line 898, in execute_command
    conn = self.connection or pool.get_connection(command_name, **options)
  File "D:\Python\lib\site-packages\redis\connection.py", line 1192, in get_connection
    connection.connect()
  File "D:\Python\lib\site-packages\redis\connection.py", line 563, in connect
    raise ConnectionError(self._error_message(e))
redis.exceptions.ConnectionError: Error 10061 connecting to 127.0.0.1:6379. 由于目标计算机积极拒绝，无法连接。.
ERROR 2021-07-24 23:27:06,920 basehttp 154 "GET /imagecode/?uuid=977ce1af-6b0c-4fbd-8ea6-ee5b6a74e8d0 HTTP/1.1" 500 124271
ERROR 2021-07-24 23:27:14,815 log 222 Internal Server Error: /imagecode/
Traceback (most recent call last):
  File "D:\Python\lib\site-packages\redis\connection.py", line 559, in connect
    sock = self._connect()
  File "D:\Python\lib\site-packages\redis\connection.py", line 615, in _connect
    raise err
  File "D:\Python\lib\site-packages\redis\connection.py", line 603, in _connect
    sock.connect(socket_address)
ConnectionRefusedError: [WinError 10061] 由于目标计算机积极拒绝，无法连接。

During handling of the above exception, another exception occurred:

Traceback (most recent call last):
  File "D:\Python\lib\site-packages\django\core\handlers\exception.py", line 34, in inner
    response = get_response(request)
  File "D:\Python\lib\site-packages\django\core\handlers\base.py", line 126, in _get_response
    response = self.process_exception_by_middleware(e, request)
  File "D:\Python\lib\site-packages\django\core\handlers\base.py", line 124, in _get_response
    response = wrapped_callback(request, *callback_args, **callback_kwargs)
  File "D:\Python\lib\site-packages\django\views\generic\base.py", line 68, in view
    return self.dispatch(request, *args, **kwargs)
  File "D:\Python\lib\site-packages\django\views\generic\base.py", line 88, in dispatch
    return handler(request, *args, **kwargs)
  File "D:\webspace\iGEM\pywork\Blog\myblog\users\views.py", line 72, in get
    redis_conn.setex('img:%s' % uuid, 300, text)
  File "D:\Python\lib\site-packages\redis\client.py", line 1822, in setex
    return self.execute_command('SETEX', name, time, value)
  File "D:\Python\lib\site-packages\redis\client.py", line 898, in execute_command
    conn = self.connection or pool.get_connection(command_name, **options)
  File "D:\Python\lib\site-packages\redis\connection.py", line 1192, in get_connection
    connection.connect()
  File "D:\Python\lib\site-packages\redis\connection.py", line 563, in connect
    raise ConnectionError(self._error_message(e))
redis.exceptions.ConnectionError: Error 10061 connecting to 127.0.0.1:6379. 由于目标计算机积极拒绝，无法连接。.
ERROR 2021-07-24 23:27:14,818 basehttp 154 "GET /imagecode/?uuid=be19a155-e983-4512-be08-02e373359e21 HTTP/1.1" 500 124277
INFO 2021-07-24 23:27:29,030 basehttp 154 "GET /register/ HTTP/1.1" 200 5178
ERROR 2021-07-24 23:27:31,161 log 222 Internal Server Error: /imagecode/
Traceback (most recent call last):
  File "D:\Python\lib\site-packages\redis\connection.py", line 559, in connect
    sock = self._connect()
  File "D:\Python\lib\site-packages\redis\connection.py", line 615, in _connect
    raise err
  File "D:\Python\lib\site-packages\redis\connection.py", line 603, in _connect
    sock.connect(socket_address)
ConnectionRefusedError: [WinError 10061] 由于目标计算机积极拒绝，无法连接。

During handling of the above exception, another exception occurred:

Traceback (most recent call last):
  File "D:\Python\lib\site-packages\django\core\handlers\exception.py", line 34, in inner
    response = get_response(request)
  File "D:\Python\lib\site-packages\django\core\handlers\base.py", line 126, in _get_response
    response = self.process_exception_by_middleware(e, request)
  File "D:\Python\lib\site-packages\django\core\handlers\base.py", line 124, in _get_response
    response = wrapped_callback(request, *callback_args, **callback_kwargs)
  File "D:\Python\lib\site-packages\django\views\generic\base.py", line 68, in view
    return self.dispatch(request, *args, **kwargs)
  File "D:\Python\lib\site-packages\django\views\generic\base.py", line 88, in dispatch
    return handler(request, *args, **kwargs)
  File "D:\webspace\iGEM\pywork\Blog\myblog\users\views.py", line 72, in get
    redis_conn.setex('img:%s' % uuid, 300, text)
  File "D:\Python\lib\site-packages\redis\client.py", line 1822, in setex
    return self.execute_command('SETEX', name, time, value)
  File "D:\Python\lib\site-packages\redis\client.py", line 898, in execute_command
    conn = self.connection or pool.get_connection(command_name, **options)
  File "D:\Python\lib\site-packages\redis\connection.py", line 1192, in get_connection
    connection.connect()
  File "D:\Python\lib\site-packages\redis\connection.py", line 563, in connect
    raise ConnectionError(self._error_message(e))
redis.exceptions.ConnectionError: Error 10061 connecting to 127.0.0.1:6379. 由于目标计算机积极拒绝，无法连接。.
ERROR 2021-07-24 23:27:31,165 basehttp 154 "GET /imagecode/?uuid=1459c2b6-6415-431d-bdcb-2fdbd545eeec HTTP/1.1" 500 117716
INFO 2021-07-24 23:28:05,358 basehttp 154 "GET /register/ HTTP/1.1" 200 5178
INFO 2021-07-24 23:28:05,463 basehttp 154 "GET /imagecode/?uuid=99262ca6-67b4-4c5a-a22d-ba94b40c4eac HTTP/1.1" 200 3198
INFO 2021-07-24 23:31:35,774 basehttp 154 "GET /register/ HTTP/1.1" 200 5178
INFO 2021-07-24 23:31:35,878 basehttp 154 "GET /imagecode/?uuid=248fc208-b2ba-4c78-b594-d50588212030 HTTP/1.1" 200 3121
INFO 2021-07-24 23:31:44,060 basehttp 154 "GET /imagecode/?uuid=5f005798-01ba-4468-bc1f-723fd5b90b60 HTTP/1.1" 200 3627
INFO 2021-07-24 23:45:57,207 basehttp 154 "GET /imagecode/?uuid=c37ada10-8916-4cf0-8065-c3caaf65ddfc HTTP/1.1" 200 3174
INFO 2021-07-24 23:45:59,348 basehttp 154 "GET /imagecode/?uuid=de4c7912-2483-49d2-8c88-073a93c69087 HTTP/1.1" 200 3538
INFO 2021-07-24 23:46:06,385 views 116 778239
ERROR 2021-07-24 23:46:06,815 log 222 Internal Server Error: /smscode/
Traceback (most recent call last):
  File "D:\Python\lib\site-packages\django\core\handlers\exception.py", line 34, in inner
    response = get_response(request)
  File "D:\Python\lib\site-packages\django\core\handlers\base.py", line 135, in _get_response
    raise ValueError(
ValueError: The view users.views.SmsCodeView didn't return an HttpResponse object. It returned None instead.
ERROR 2021-07-24 23:46:06,818 basehttp 154 "GET /smscode/?mobile=17858239518&image_code=9ywo&uuid=de4c7912-2483-49d2-8c88-073a93c69087 HTTP/1.1" 500 69624
INFO 2021-07-24 23:48:25,560 basehttp 154 "GET /register/ HTTP/1.1" 200 5178
INFO 2021-07-24 23:48:25,691 basehttp 154 "GET /imagecode/?uuid=606dcabf-9c3d-4702-8e63-f207ef7ad711 HTTP/1.1" 200 3022
INFO 2021-07-24 23:48:41,623 views 116 639421
INFO 2021-07-24 23:48:41,972 basehttp 154 "GET /smscode/?mobile=17858239518&image_code=r7s4&uuid=606dcabf-9c3d-4702-8e63-f207ef7ad711 HTTP/1.1" 200 63
WARNING 2021-07-24 23:49:11,382 log 222 Forbidden (CSRF token missing or incorrect.): /register/
WARNING 2021-07-24 23:49:11,382 basehttp 154 "POST /register/ HTTP/1.1" 403 2513
WARNING 2021-07-24 23:50:28,723 log 222 Forbidden (CSRF token missing or incorrect.): /register/
WARNING 2021-07-24 23:50:28,724 basehttp 154 "POST /register/ HTTP/1.1" 403 2513
INFO 2021-07-24 23:50:31,027 basehttp 154 "GET /imagecode/?uuid=74da3f22-0956-451a-afb2-98b557954004 HTTP/1.1" 200 2830
INFO 2021-07-24 23:50:45,160 views 116 939878
INFO 2021-07-24 23:50:45,408 basehttp 154 "GET /smscode/?mobile=17858239518&image_code=43xq&uuid=74da3f22-0956-451a-afb2-98b557954004 HTTP/1.1" 200 63
WARNING 2021-07-24 23:51:01,699 log 222 Forbidden (CSRF token missing or incorrect.): /register/
WARNING 2021-07-24 23:51:01,700 basehttp 154 "POST /register/ HTTP/1.1" 403 2513
WARNING 2021-07-24 23:51:10,882 log 222 Forbidden (CSRF token missing or incorrect.): /register/
WARNING 2021-07-24 23:51:10,882 basehttp 154 "POST /register/ HTTP/1.1" 403 2513
INFO 2021-07-24 23:51:12,022 basehttp 154 "GET /imagecode/?uuid=21fc6aad-ca97-416e-8e59-9d708456db12 HTTP/1.1" 200 3064
INFO 2021-07-24 23:51:24,747 views 116 294999
INFO 2021-07-24 23:51:24,979 basehttp 154 "GET /smscode/?mobile=17858239518&image_code=dfl5&uuid=21fc6aad-ca97-416e-8e59-9d708456db12 HTTP/1.1" 200 63
WARNING 2021-07-24 23:51:31,329 log 222 Forbidden (CSRF token missing or incorrect.): /register/
WARNING 2021-07-24 23:51:31,330 basehttp 154 "POST /register/ HTTP/1.1" 403 2513
WARNING 2021-07-24 23:55:22,642 log 222 Not Found: /
WARNING 2021-07-24 23:55:22,643 basehttp 154 "GET / HTTP/1.1" 404 2440
INFO 2021-07-24 23:55:37,130 basehttp 154 "GET /register/ HTTP/1.1" 200 5319
INFO 2021-07-24 23:55:37,252 basehttp 154 "GET /imagecode/?uuid=28f68502-2582-4465-be3d-d9b6341409d1 HTTP/1.1" 200 3051
INFO 2021-07-24 23:55:45,851 basehttp 154 "GET /imagecode/?uuid=4c60837b-8ade-44ed-9e1d-df24cbc50256 HTTP/1.1" 200 3108
INFO 2021-07-24 23:55:49,217 views 116 801017
INFO 2021-07-24 23:55:49,420 basehttp 154 "GET /smscode/?mobile=17858239518&image_code=sgji&uuid=4c60837b-8ade-44ed-9e1d-df24cbc50256 HTTP/1.1" 200 63
INFO 2021-07-24 23:56:34,482 basehttp 154 "POST /register/ HTTP/1.1" 200 33
INFO 2021-07-25 00:05:29,080 basehttp 154 "GET /register/ HTTP/1.1" 200 5319
INFO 2021-07-25 00:05:29,199 basehttp 154 "GET /imagecode/?uuid=ebc0708e-5aa1-4614-847f-cabadd28bb71 HTTP/1.1" 200 2569
INFO 2021-07-25 00:05:32,331 basehttp 154 "GET / HTTP/1.1" 200 11726
WARNING 2021-07-25 00:05:32,356 log 222 Not Found: /bootstrap/css/bootstrap.min.css
WARNING 2021-07-25 00:05:32,357 log 222 Not Found: /md_css/monokai.css
WARNING 2021-07-25 00:05:32,358 basehttp 154 "GET /bootstrap/css/bootstrap.min.css HTTP/1.1" 404 2712
WARNING 2021-07-25 00:05:32,363 log 222 Not Found: /common/common.css
WARNING 2021-07-25 00:05:32,364 basehttp 154 "GET /md_css/monokai.css HTTP/1.1" 404 2673
WARNING 2021-07-25 00:05:32,367 log 222 Not Found: /common/jquery.pagination.css
WARNING 2021-07-25 00:05:32,369 log 222 Not Found: /js/jquery-1.12.4.min.js
WARNING 2021-07-25 00:05:32,369 basehttp 154 "GET /common/common.css HTTP/1.1" 404 2670
WARNING 2021-07-25 00:05:32,370 basehttp 154 "GET /common/jquery.pagination.css HTTP/1.1" 404 2703
WARNING 2021-07-25 00:05:32,372 basehttp 154 "GET /js/jquery-1.12.4.min.js HTTP/1.1" 404 2688
WARNING 2021-07-25 00:05:32,376 log 222 Not Found: /js/axios-0.18.0.min.js
WARNING 2021-07-25 00:05:32,380 log 222 Not Found: /js/vue-2.5.16.js
WARNING 2021-07-25 00:05:32,380 basehttp 154 "GET /js/axios-0.18.0.min.js HTTP/1.1" 404 2685
WARNING 2021-07-25 00:05:32,381 basehttp 154 "GET /js/vue-2.5.16.js HTTP/1.1" 404 2667
WARNING 2021-07-25 00:05:32,386 log 222 Not Found: /js/host.js
WARNING 2021-07-25 00:05:32,386 basehttp 154 "GET /js/host.js HTTP/1.1" 404 2649
WARNING 2021-07-25 00:05:32,391 log 222 Not Found: /js/common.js
WARNING 2021-07-25 00:05:32,391 basehttp 154 "GET /js/common.js HTTP/1.1" 404 2655
WARNING 2021-07-25 00:05:32,398 log 222 Not Found: /js/index.js
WARNING 2021-07-25 00:05:32,399 basehttp 154 "GET /js/index.js HTTP/1.1" 404 2652
WARNING 2021-07-25 00:05:32,404 log 222 Not Found: /js/jquery.pagination.min.js
WARNING 2021-07-25 00:05:32,404 basehttp 154 "GET /js/jquery.pagination.min.js HTTP/1.1" 404 2700
WARNING 2021-07-25 00:05:32,410 log 222 Not Found: /img/1.jpg
WARNING 2021-07-25 00:05:32,411 basehttp 154 "GET /img/1.jpg HTTP/1.1" 404 2646
WARNING 2021-07-25 00:05:32,702 log 222 Not Found: /js/axios-0.18.0.min.js
WARNING 2021-07-25 00:05:32,702 basehttp 154 "GET /js/axios-0.18.0.min.js HTTP/1.1" 404 2685
WARNING 2021-07-25 00:05:32,707 log 222 Not Found: /js/jquery-1.12.4.min.js
WARNING 2021-07-25 00:05:32,708 basehttp 154 "GET /js/jquery-1.12.4.min.js HTTP/1.1" 404 2688
WARNING 2021-07-25 00:05:32,715 log 222 Not Found: /img/1.jpg
WARNING 2021-07-25 00:05:32,716 basehttp 154 "GET /img/1.jpg HTTP/1.1" 404 2646
WARNING 2021-07-25 00:05:32,745 log 222 Not Found: /js/host.js
WARNING 2021-07-25 00:05:32,745 basehttp 154 "GET /js/host.js HTTP/1.1" 404 2649
WARNING 2021-07-25 00:05:32,755 log 222 Not Found: /js/common.js
WARNING 2021-07-25 00:05:32,756 basehttp 154 "GET /js/common.js HTTP/1.1" 404 2655
WARNING 2021-07-25 00:05:32,763 log 222 Not Found: /js/index.js
WARNING 2021-07-25 00:05:32,764 basehttp 154 "GET /js/index.js HTTP/1.1" 404 2652
WARNING 2021-07-25 00:05:32,770 log 222 Not Found: /js/jquery.pagination.min.js
WARNING 2021-07-25 00:05:32,770 basehttp 154 "GET /js/jquery.pagination.min.js HTTP/1.1" 404 2700
INFO 2021-07-25 00:05:57,948 basehttp 154 "GET / HTTP/1.1" 200 11726
WARNING 2021-07-25 00:05:57,974 log 222 Not Found: /bootstrap/css/bootstrap.min.css
WARNING 2021-07-25 00:05:57,977 log 222 Not Found: /md_css/monokai.css
WARNING 2021-07-25 00:05:57,979 basehttp 154 "GET /md_css/monokai.css HTTP/1.1" 404 2673
WARNING 2021-07-25 00:05:57,983 log 222 Not Found: /common/common.css
WARNING 2021-07-25 00:05:57,986 log 222 Not Found: /common/jquery.pagination.css
WARNING 2021-07-25 00:05:57,987 basehttp 154 "GET /bootstrap/css/bootstrap.min.css HTTP/1.1" 404 2712
WARNING 2021-07-25 00:05:57,987 basehttp 154 "GET /common/common.css HTTP/1.1" 404 2670
WARNING 2021-07-25 00:05:57,988 basehttp 154 "GET /common/jquery.pagination.css HTTP/1.1" 404 2703
WARNING 2021-07-25 00:05:57,990 log 222 Not Found: /js/jquery-1.12.4.min.js
WARNING 2021-07-25 00:05:57,992 log 222 Not Found: /js/vue-2.5.16.js
WARNING 2021-07-25 00:05:57,995 log 222 Not Found: /js/axios-0.18.0.min.js
WARNING 2021-07-25 00:05:57,996 basehttp 154 "GET /js/jquery-1.12.4.min.js HTTP/1.1" 404 2688
WARNING 2021-07-25 00:05:57,996 basehttp 154 "GET /js/vue-2.5.16.js HTTP/1.1" 404 2667
WARNING 2021-07-25 00:05:57,997 basehttp 154 "GET /js/axios-0.18.0.min.js HTTP/1.1" 404 2685
WARNING 2021-07-25 00:05:58,005 log 222 Not Found: /js/host.js
WARNING 2021-07-25 00:05:58,008 log 222 Not Found: /js/common.js
WARNING 2021-07-25 00:05:58,009 log 222 Not Found: /js/jquery-1.12.4.min.js
WARNING 2021-07-25 00:05:58,010 basehttp 154 "GET /js/common.js HTTP/1.1" 404 2655
WARNING 2021-07-25 00:05:58,010 basehttp 154 "GET /js/host.js HTTP/1.1" 404 2649
WARNING 2021-07-25 00:05:58,011 basehttp 154 "GET /js/jquery-1.12.4.min.js HTTP/1.1" 404 2688
WARNING 2021-07-25 00:05:58,022 log 222 Not Found: /js/index.js
WARNING 2021-07-25 00:05:58,024 log 222 Not Found: /js/jquery.pagination.min.js
WARNING 2021-07-25 00:05:58,027 log 222 Not Found: /img/1.jpg
WARNING 2021-07-25 00:05:58,028 basehttp 154 "GET /js/index.js HTTP/1.1" 404 2652
WARNING 2021-07-25 00:05:58,029 basehttp 154 "GET /js/jquery.pagination.min.js HTTP/1.1" 404 2700
WARNING 2021-07-25 00:05:58,032 log 222 Not Found: /js/host.js
WARNING 2021-07-25 00:05:58,033 basehttp 154 "GET /img/1.jpg HTTP/1.1" 404 2646
WARNING 2021-07-25 00:05:58,034 basehttp 154 "GET /js/host.js HTTP/1.1" 404 2649
WARNING 2021-07-25 00:05:58,040 log 222 Not Found: /js/common.js
WARNING 2021-07-25 00:05:58,041 basehttp 154 "GET /js/common.js HTTP/1.1" 404 2655
WARNING 2021-07-25 00:05:58,046 log 222 Not Found: /js/index.js
WARNING 2021-07-25 00:05:58,046 basehttp 154 "GET /js/index.js HTTP/1.1" 404 2652
WARNING 2021-07-25 00:05:58,055 log 222 Not Found: /js/jquery.pagination.min.js
WARNING 2021-07-25 00:05:58,055 basehttp 154 "GET /js/jquery.pagination.min.js HTTP/1.1" 404 2700
INFO 2021-07-25 00:15:56,673 basehttp 154 "GET / HTTP/1.1" 200 12313
WARNING 2021-07-25 00:15:56,698 log 222 Not Found: /md_css/monokai.css
WARNING 2021-07-25 00:15:56,700 basehttp 154 "GET /md_css/monokai.css HTTP/1.1" 404 2673
WARNING 2021-07-25 00:15:56,703 log 222 Not Found: /common/common.css
WARNING 2021-07-25 00:15:56,705 basehttp 154 "GET /common/common.css HTTP/1.1" 404 2670
WARNING 2021-07-25 00:15:56,709 log 222 Not Found: /common/jquery.pagination.css
WARNING 2021-07-25 00:15:56,710 basehttp 154 "GET /common/jquery.pagination.css HTTP/1.1" 404 2703
INFO 2021-07-25 00:15:57,817 basehttp 154 "GET /static/js/jquery-1.12.4.min.js HTTP/1.1" 200 97163
INFO 2021-07-25 00:15:57,827 basehttp 154 "GET /static/js/jquery.pagination.min.js HTTP/1.1" 200 2935
WARNING 2021-07-25 00:15:57,838 log 222 Not Found: /img/1.jpg
WARNING 2021-07-25 00:15:57,838 basehttp 154 "GET /img/1.jpg HTTP/1.1" 404 2646
INFO 2021-07-25 00:15:58,101 basehttp 154 "GET /static/js/index.js HTTP/1.1" 200 530
WARNING 2021-07-25 00:15:58,130 log 222 Not Found: /img/1.jpg
WARNING 2021-07-25 00:15:58,131 basehttp 154 "GET /img/1.jpg HTTP/1.1" 404 2646
INFO 2021-07-25 00:17:36,956 basehttp 154 "GET / HTTP/1.1" 200 12321
WARNING 2021-07-25 00:17:36,977 log 222 Not Found: /md_css/monokai.css
WARNING 2021-07-25 00:17:36,983 log 222 Not Found: /common/common.css
WARNING 2021-07-25 00:17:36,983 basehttp 154 "GET /md_css/monokai.css HTTP/1.1" 404 2673
WARNING 2021-07-25 00:17:36,984 basehttp 154 "GET /common/common.css HTTP/1.1" 404 2670
WARNING 2021-07-25 00:17:36,986 log 222 Not Found: /common/jquery.pagination.css
WARNING 2021-07-25 00:17:36,987 basehttp 154 "GET /common/jquery.pagination.css HTTP/1.1" 404 2703
WARNING 2021-07-25 00:17:36,993 log 222 Not Found: /img/1.jpg
WARNING 2021-07-25 00:17:36,994 basehttp 154 "GET /img/1.jpg HTTP/1.1" 404 2646
WARNING 2021-07-25 00:17:37,038 log 222 Not Found: /img/1.jpg
WARNING 2021-07-25 00:17:37,038 basehttp 154 "GET /img/1.jpg HTTP/1.1" 404 2646
INFO 2021-07-25 00:17:37,813 basehttp 154 "GET /static/img/1.jpg HTTP/1.1" 200 78682
INFO 2021-07-25 00:18:25,048 basehttp 154 "GET / HTTP/1.1" 200 12353
WARNING 2021-07-25 00:18:25,076 log 222 Not Found: /md_css/monokai.css
WARNING 2021-07-25 00:18:25,078 basehttp 154 "GET /md_css/monokai.css HTTP/1.1" 404 2673
WARNING 2021-07-25 00:18:25,081 log 222 Not Found: /common/common.css
WARNING 2021-07-25 00:18:25,083 log 222 Not Found: /common/jquery.pagination.css
WARNING 2021-07-25 00:18:25,083 basehttp 154 "GET /common/common.css HTTP/1.1" 404 2670
WARNING 2021-07-25 00:18:25,083 basehttp 154 "GET /common/jquery.pagination.css HTTP/1.1" 404 2703
ERROR 2021-07-25 00:25:48,345 log 222 Internal Server Error: /
Traceback (most recent call last):
  File "D:\Python\lib\site-packages\django\core\handlers\exception.py", line 34, in inner
    response = get_response(request)
  File "D:\Python\lib\site-packages\django\core\handlers\base.py", line 126, in _get_response
    response = self.process_exception_by_middleware(e, request)
  File "D:\Python\lib\site-packages\django\core\handlers\base.py", line 124, in _get_response
    response = wrapped_callback(request, *callback_args, **callback_kwargs)
  File "D:\Python\lib\site-packages\django\views\generic\base.py", line 68, in view
    return self.dispatch(request, *args, **kwargs)
  File "D:\Python\lib\site-packages\django\views\generic\base.py", line 88, in dispatch
    return handler(request, *args, **kwargs)
  File "D:\webspace\iGEM\pywork\Blog\myblog\home\views.py", line 11, in get
    return render(request, 'index.html')
  File "D:\Python\lib\site-packages\django\shortcuts.py", line 36, in render
    content = loader.render_to_string(template_name, context, request, using=using)
  File "D:\Python\lib\site-packages\django\template\loader.py", line 62, in render_to_string
    return template.render(context, request)
  File "D:\Python\lib\site-packages\django\template\backends\django.py", line 61, in render
    return self.template.render(context)
  File "D:\Python\lib\site-packages\django\template\base.py", line 171, in render
    return self._render(context)
  File "D:\Python\lib\site-packages\django\template\base.py", line 163, in _render
    return self.nodelist.render(context)
  File "D:\Python\lib\site-packages\django\template\base.py", line 937, in render
    bit = node.render_annotated(context)
  File "D:\Python\lib\site-packages\django\template\base.py", line 904, in render_annotated
    return self.render(context)
  File "D:\Python\lib\site-packages\django\template\defaulttags.py", line 442, in render
    url = reverse(view_name, args=args, kwargs=kwargs, current_app=current_app)
  File "D:\Python\lib\site-packages\django\urls\base.py", line 90, in reverse
    return iri_to_uri(resolver._reverse_with_prefix(view, prefix, *args, **kwargs))
  File "D:\Python\lib\site-packages\django\urls\resolvers.py", line 622, in _reverse_with_prefix
    raise NoReverseMatch(msg)
django.urls.exceptions.NoReverseMatch: Reverse for 'writeblog' not found. 'writeblog' is not a valid view function or pattern name.
ERROR 2021-07-25 00:25:48,350 basehttp 154 "GET / HTTP/1.1" 500 137454
INFO 2021-07-25 00:25:54,574 basehttp 154 "GET /imagecode/?uuid=b1722304-b0fe-4268-88e5-df471f68f985 HTTP/1.1" 200 3103
INFO 2021-07-25 00:26:14,721 basehttp 154 "GET / HTTP/1.1" 200 12353
WARNING 2021-07-25 00:26:14,749 log 222 Not Found: /md_css/monokai.css
WARNING 2021-07-25 00:26:14,752 log 222 Not Found: /common/common.css
WARNING 2021-07-25 00:26:14,754 log 222 Not Found: /common/jquery.pagination.css
WARNING 2021-07-25 00:26:14,754 basehttp 154 "GET /md_css/monokai.css HTTP/1.1" 404 2673
WARNING 2021-07-25 00:26:14,755 basehttp 154 "GET /common/common.css HTTP/1.1" 404 2670
WARNING 2021-07-25 00:26:14,756 basehttp 154 "GET /common/jquery.pagination.css HTTP/1.1" 404 2703
INFO 2021-07-25 00:29:00,913 basehttp 154 "GET / HTTP/1.1" 200 12377
INFO 2021-07-25 00:29:02,594 basehttp 154 "GET /static/common/common.css HTTP/1.1" 200 381
INFO 2021-07-25 00:29:02,595 basehttp 154 "GET /static/common/jquery.pagination.css HTTP/1.1" 200 523
INFO 2021-07-25 00:29:02,632 basehttp 154 "GET /static/md_css/monokai.css HTTP/1.1" 200 4118
INFO 2021-07-25 09:35:02,577 basehttp 154 "GET / HTTP/1.1" 200 12377
INFO 2021-07-25 09:35:04,278 basehttp 154 "GET /static/md_css/monokai.css HTTP/1.1" 200 4118
INFO 2021-07-25 09:35:04,278 basehttp 154 "GET /static/common/jquery.pagination.css HTTP/1.1" 200 523
INFO 2021-07-25 09:35:04,286 basehttp 154 "GET /static/common/common.css HTTP/1.1" 200 381
WARNING 2021-07-25 09:35:04,457 log 222 Not Found: /favicon.ico
WARNING 2021-07-25 09:35:04,457 basehttp 154 "GET /favicon.ico HTTP/1.1" 404 2652
INFO 2021-07-25 09:35:16,410 basehttp 154 "GET /register/ HTTP/1.1" 200 5319
INFO 2021-07-25 09:35:16,502 basehttp 154 "GET /imagecode/?uuid=d9144268-5c68-449a-9917-7b23091ac253 HTTP/1.1" 200 3293
INFO 2021-07-25 09:35:31,169 views 116 897530
INFO 2021-07-25 09:35:31,508 basehttp 154 "GET /smscode/?mobile=17858239518&image_code=meby&uuid=d9144268-5c68-449a-9917-7b23091ac253 HTTP/1.1" 200 63
ERROR 2021-07-25 09:35:49,354 views 55 (1062, "Duplicate entry '17858239518' for key 'tb_user.username'")
WARNING 2021-07-25 09:35:49,355 log 222 Bad Request: /register/
WARNING 2021-07-25 09:35:49,355 basehttp 154 "POST /register/ HTTP/1.1" 400 12
INFO 2021-07-25 09:35:52,459 basehttp 154 "GET /imagecode/?uuid=a3e4bb36-d3db-4d5a-a8fb-a05f905264ba HTTP/1.1" 200 3269
INFO 2021-07-25 09:37:00,976 views 116 376790
INFO 2021-07-25 09:37:01,213 basehttp 154 "GET /smscode/?mobile=13111111111&image_code=fag5&uuid=a3e4bb36-d3db-4d5a-a8fb-a05f905264ba HTTP/1.1" 200 63
INFO 2021-07-25 09:37:08,436 basehttp 154 "POST /register/ HTTP/1.1" 200 33
INFO 2021-07-25 09:39:20,601 basehttp 154 "GET /register/ HTTP/1.1" 200 5319
INFO 2021-07-25 09:39:20,700 basehttp 154 "GET /imagecode/?uuid=5d9bcf91-f3f9-4b12-9ced-255f90957e23 HTTP/1.1" 200 3052
INFO 2021-07-25 09:39:31,302 views 120 293851
INFO 2021-07-25 09:39:31,519 basehttp 154 "GET /smscode/?mobile=13111111112&image_code=fdag&uuid=5d9bcf91-f3f9-4b12-9ced-255f90957e23 HTTP/1.1" 200 63
INFO 2021-07-25 09:39:38,815 basehttp 154 "POST /register/ HTTP/1.1" 302 0
INFO 2021-07-25 09:39:38,821 basehttp 154 "GET / HTTP/1.1" 200 12377
WARNING 2021-07-25 09:39:42,866 log 222 Not Found: /center.html
WARNING 2021-07-25 09:39:42,867 basehttp 154 "GET /center.html HTTP/1.1" 404 2652
INFO 2021-07-25 09:50:00,071 basehttp 154 "GET / HTTP/1.1" 200 12377
INFO 2021-07-25 09:55:22,472 basehttp 154 "GET /register/ HTTP/1.1" 200 5319
INFO 2021-07-25 09:55:23,301 basehttp 154 "GET /imagecode/?uuid=a8430fdb-53ce-431b-8fd8-17dd8ad4b486 HTTP/1.1" 200 3251
WARNING 2021-07-25 09:55:26,150 basehttp 154 "GET /static/js/axios.min.map HTTP/1.1" 404 1672
INFO 2021-07-25 09:55:27,071 basehttp 154 "GET /static/bootstrap/css/bootstrap.min.css.map HTTP/1.1" 200 562427
INFO 2021-07-25 09:56:08,627 basehttp 154 "GET /register/ HTTP/1.1" 200 5319
INFO 2021-07-25 09:56:08,717 basehttp 154 "GET /imagecode/?uuid=7d794118-bd54-4432-ab9e-b16bb7ed7791 HTTP/1.1" 200 3201
INFO 2021-07-25 09:56:23,566 basehttp 154 "GET /imagecode/?uuid=ca8d3df7-2c00-4462-a777-0ef5ad2b826f HTTP/1.1" 200 3573
INFO 2021-07-25 09:56:27,861 views 122 562157
INFO 2021-07-25 09:56:28,204 basehttp 154 "GET /smscode/?mobile=13111111113&image_code=5udb&uuid=ca8d3df7-2c00-4462-a777-0ef5ad2b826f HTTP/1.1" 200 63
INFO 2021-07-25 09:57:04,048 basehttp 154 "POST /register/ HTTP/1.1" 302 0
INFO 2021-07-25 09:57:04,058 basehttp 154 "GET / HTTP/1.1" 200 12377
INFO 2021-07-25 10:02:28,773 basehttp 154 "GET /register/ HTTP/1.1" 200 5319
INFO 2021-07-25 10:02:29,280 basehttp 154 "GET /imagecode/?uuid=23720389-1da6-4e9a-b758-5f5570e09536 HTTP/1.1" 200 3371
INFO 2021-07-25 10:03:29,518 views 128 395638
INFO 2021-07-25 10:03:29,732 basehttp 154 "GET /smscode/?mobile=13111111114&image_code=ynwt&uuid=23720389-1da6-4e9a-b758-5f5570e09536 HTTP/1.1" 200 63
INFO 2021-07-25 10:04:08,406 basehttp 154 "POST /register/ HTTP/1.1" 302 0
INFO 2021-07-25 10:04:08,415 basehttp 154 "GET / HTTP/1.1" 200 12377
INFO 2021-07-25 10:38:26,195 basehttp 154 "GET /login HTTP/1.1" 301 0
INFO 2021-07-25 10:38:26,213 basehttp 154 "GET /login/ HTTP/1.1" 200 3018
WARNING 2021-07-25 10:38:26,246 log 222 Not Found: /login/bootstrap/css/bootstrap.min.css
WARNING 2021-07-25 10:38:26,250 basehttp 154 "GET /login/bootstrap/css/bootstrap.min.css HTTP/1.1" 404 2897
WARNING 2021-07-25 10:38:26,252 log 222 Not Found: /login/js/axios-0.18.0.min.js
WARNING 2021-07-25 10:38:26,257 log 222 Not Found: /login/js/vue-2.5.16.js
WARNING 2021-07-25 10:38:26,260 log 222 Not Found: /login/js/host.js
WARNING 2021-07-25 10:38:26,261 basehttp 154 "GET /login/js/axios-0.18.0.min.js HTTP/1.1" 404 2870
WARNING 2021-07-25 10:38:26,264 log 222 Not Found: /login/js/common.js
WARNING 2021-07-25 10:38:26,264 basehttp 154 "GET /login/js/vue-2.5.16.js HTTP/1.1" 404 2852
WARNING 2021-07-25 10:38:26,264 basehttp 154 "GET /login/js/host.js HTTP/1.1" 404 2834
WARNING 2021-07-25 10:38:26,266 basehttp 154 "GET /login/js/common.js HTTP/1.1" 404 2840
WARNING 2021-07-25 10:38:26,268 log 222 Not Found: /login/js/login.js
WARNING 2021-07-25 10:38:26,273 log 222 Not Found: /login/js/axios-0.18.0.min.js
WARNING 2021-07-25 10:38:26,273 basehttp 154 "GET /login/js/login.js HTTP/1.1" 404 2837
WARNING 2021-07-25 10:38:26,274 basehttp 154 "GET /login/js/axios-0.18.0.min.js HTTP/1.1" 404 2870
WARNING 2021-07-25 10:38:26,292 log 222 Not Found: /login/js/host.js
WARNING 2021-07-25 10:38:26,293 basehttp 154 "GET /login/js/host.js HTTP/1.1" 404 2834
WARNING 2021-07-25 10:38:26,300 log 222 Not Found: /login/js/common.js
WARNING 2021-07-25 10:38:26,301 basehttp 154 "GET /login/js/common.js HTTP/1.1" 404 2840
WARNING 2021-07-25 10:38:26,310 log 222 Not Found: /login/js/login.js
WARNING 2021-07-25 10:38:26,310 basehttp 154 "GET /login/js/login.js HTTP/1.1" 404 2837
INFO 2021-07-25 10:41:01,150 basehttp 154 "GET /login/ HTTP/1.1" 200 3091
INFO 2021-07-25 10:41:02,033 basehttp 154 "GET /static/js/login.js HTTP/1.1" 200 677
WARNING 2021-07-25 10:41:03,257 basehttp 154 "GET /static/register.html HTTP/1.1" 404 1663
WARNING 2021-07-25 10:41:57,487 basehttp 154 "GET /static/register.html HTTP/1.1" 404 1663
WARNING 2021-07-25 10:42:06,362 basehttp 154 "GET /static/register.html HTTP/1.1" 404 1663
INFO 2021-07-25 10:42:08,163 basehttp 154 "GET /login/ HTTP/1.1" 200 3071
WARNING 2021-07-25 10:42:09,313 log 222 Not Found: /login/register.html
WARNING 2021-07-25 10:42:09,314 basehttp 154 "GET /login/register.html HTTP/1.1" 404 2843
WARNING 2021-07-25 10:43:44,895 log 222 Not Found: /login/index.html
WARNING 2021-07-25 10:43:44,896 basehttp 154 "GET /login/index.html HTTP/1.1" 404 2834
WARNING 2021-07-25 10:46:35,042 log 222 Not Found: /login/index.html
WARNING 2021-07-25 10:46:35,043 basehttp 154 "GET /login/index.html HTTP/1.1" 404 2834
WARNING 2021-07-25 10:46:37,210 log 222 Not Found: /login/register.html
WARNING 2021-07-25 10:46:37,210 basehttp 154 "GET /login/register.html HTTP/1.1" 404 2843
WARNING 2021-07-25 10:48:06,279 log 222 Not Found: /login/register.html
WARNING 2021-07-25 10:48:06,280 basehttp 154 "GET /login/register.html HTTP/1.1" 404 2843
INFO 2021-07-25 10:48:09,622 basehttp 154 "GET /login/ HTTP/1.1" 200 3066
INFO 2021-07-25 10:49:03,401 basehttp 154 "GET /login/ HTTP/1.1" 200 3066
INFO 2021-07-25 10:49:05,487 basehttp 154 "GET /register/ HTTP/1.1" 200 5319
INFO 2021-07-25 10:49:05,558 basehttp 154 "GET /imagecode/?uuid=6c3173ab-6c53-43ae-8005-22cf4124e5d7 HTTP/1.1" 200 3052
INFO 2021-07-25 11:03:18,935 basehttp 154 "GET /login/ HTTP/1.1" 200 3066
WARNING 2021-07-25 11:03:35,533 log 222 Forbidden (CSRF token missing or incorrect.): /login/
WARNING 2021-07-25 11:03:35,534 basehttp 154 "POST /login/ HTTP/1.1" 403 2513
WARNING 2021-07-25 11:04:42,830 log 222 Forbidden (CSRF token missing or incorrect.): /login/
WARNING 2021-07-25 11:04:42,831 basehttp 154 "POST /login/ HTTP/1.1" 403 2513
INFO 2021-07-25 11:04:44,503 basehttp 154 "GET /login/ HTTP/1.1" 200 3208
INFO 2021-07-25 11:17:48,380 basehttp 154 "POST /login/ HTTP/1.1" 302 0
INFO 2021-07-25 11:17:53,389 basehttp 154 "GET / HTTP/1.1" 200 12377
INFO 2021-07-25 11:24:05,996 basehttp 154 "GET / HTTP/1.1" 200 12384
INFO 2021-07-25 11:40:01,905 basehttp 154 "GET / HTTP/1.1" 200 12391
INFO 2021-07-25 11:40:23,737 basehttp 154 "GET /logout/ HTTP/1.1" 302 0
INFO 2021-07-25 11:40:23,748 basehttp 154 "GET / HTTP/1.1" 200 12391
INFO 2021-07-25 11:41:36,638 basehttp 154 "GET / HTTP/1.1" 200 12391
INFO 2021-07-25 11:41:48,208 basehttp 154 "GET /logout/ HTTP/1.1" 302 0
INFO 2021-07-25 11:41:48,215 basehttp 154 "GET / HTTP/1.1" 200 12391
INFO 2021-07-25 11:42:23,247 basehttp 154 "GET / HTTP/1.1" 200 12391
INFO 2021-07-25 11:43:25,731 basehttp 154 "GET /register/ HTTP/1.1" 200 5319
INFO 2021-07-25 11:43:26,667 basehttp 154 "GET /imagecode/?uuid=f0a772c7-9581-427b-baa6-902e7db61823 HTTP/1.1" 200 3235
INFO 2021-07-25 11:43:32,242 basehttp 154 "GET /login/ HTTP/1.1" 200 3208
INFO 2021-07-25 11:43:38,412 basehttp 154 "POST /login/ HTTP/1.1" 302 0
INFO 2021-07-25 11:43:38,418 basehttp 154 "GET / HTTP/1.1" 200 12391
INFO 2021-07-25 11:43:41,407 basehttp 154 "GET /logout/ HTTP/1.1" 302 0
INFO 2021-07-25 11:43:41,413 basehttp 154 "GET / HTTP/1.1" 200 12391
INFO 2021-07-25 11:43:44,032 basehttp 154 "GET / HTTP/1.1" 200 12391
INFO 2021-07-25 11:43:44,731 basehttp 154 "GET / HTTP/1.1" 200 12391
ERROR 2021-07-25 11:46:10,055 log 222 Internal Server Error: /
Traceback (most recent call last):
  File "D:\Python\lib\site-packages\django\core\handlers\exception.py", line 34, in inner
    response = get_response(request)
  File "D:\Python\lib\site-packages\django\core\handlers\base.py", line 126, in _get_response
    response = self.process_exception_by_middleware(e, request)
  File "D:\Python\lib\site-packages\django\core\handlers\base.py", line 124, in _get_response
    response = wrapped_callback(request, *callback_args, **callback_kwargs)
  File "D:\Python\lib\site-packages\django\views\generic\base.py", line 68, in view
    return self.dispatch(request, *args, **kwargs)
  File "D:\Python\lib\site-packages\django\views\generic\base.py", line 88, in dispatch
    return handler(request, *args, **kwargs)
  File "D:\webspace\iGEM\pywork\Blog\myblog\home\views.py", line 11, in get
    return render(request, 'index.html')
  File "D:\Python\lib\site-packages\django\shortcuts.py", line 36, in render
    content = loader.render_to_string(template_name, context, request, using=using)
  File "D:\Python\lib\site-packages\django\template\loader.py", line 62, in render_to_string
    return template.render(context, request)
  File "D:\Python\lib\site-packages\django\template\backends\django.py", line 61, in render
    return self.template.render(context)
  File "D:\Python\lib\site-packages\django\template\base.py", line 171, in render
    return self._render(context)
  File "D:\Python\lib\site-packages\django\template\base.py", line 163, in _render
    return self.nodelist.render(context)
  File "D:\Python\lib\site-packages\django\template\base.py", line 937, in render
    bit = node.render_annotated(context)
  File "D:\Python\lib\site-packages\django\template\base.py", line 904, in render_annotated
    return self.render(context)
  File "D:\Python\lib\site-packages\django\template\defaulttags.py", line 442, in render
    url = reverse(view_name, args=args, kwargs=kwargs, current_app=current_app)
  File "D:\Python\lib\site-packages\django\urls\base.py", line 90, in reverse
    return iri_to_uri(resolver._reverse_with_prefix(view, prefix, *args, **kwargs))
  File "D:\Python\lib\site-packages\django\urls\resolvers.py", line 622, in _reverse_with_prefix
    raise NoReverseMatch(msg)
django.urls.exceptions.NoReverseMatch: Reverse for 'login' not found. 'login' is not a valid view function or pattern name.
ERROR 2021-07-25 11:46:10,060 basehttp 154 "GET / HTTP/1.1" 500 138372
ERROR 2021-07-25 11:46:12,292 log 222 Internal Server Error: /
Traceback (most recent call last):
  File "D:\Python\lib\site-packages\django\core\handlers\exception.py", line 34, in inner
    response = get_response(request)
  File "D:\Python\lib\site-packages\django\core\handlers\base.py", line 126, in _get_response
    response = self.process_exception_by_middleware(e, request)
  File "D:\Python\lib\site-packages\django\core\handlers\base.py", line 124, in _get_response
    response = wrapped_callback(request, *callback_args, **callback_kwargs)
  File "D:\Python\lib\site-packages\django\views\generic\base.py", line 68, in view
    return self.dispatch(request, *args, **kwargs)
  File "D:\Python\lib\site-packages\django\views\generic\base.py", line 88, in dispatch
    return handler(request, *args, **kwargs)
  File "D:\webspace\iGEM\pywork\Blog\myblog\home\views.py", line 11, in get
    return render(request, 'index.html')
  File "D:\Python\lib\site-packages\django\shortcuts.py", line 36, in render
    content = loader.render_to_string(template_name, context, request, using=using)
  File "D:\Python\lib\site-packages\django\template\loader.py", line 62, in render_to_string
    return template.render(context, request)
  File "D:\Python\lib\site-packages\django\template\backends\django.py", line 61, in render
    return self.template.render(context)
  File "D:\Python\lib\site-packages\django\template\base.py", line 171, in render
    return self._render(context)
  File "D:\Python\lib\site-packages\django\template\base.py", line 163, in _render
    return self.nodelist.render(context)
  File "D:\Python\lib\site-packages\django\template\base.py", line 937, in render
    bit = node.render_annotated(context)
  File "D:\Python\lib\site-packages\django\template\base.py", line 904, in render_annotated
    return self.render(context)
  File "D:\Python\lib\site-packages\django\template\defaulttags.py", line 442, in render
    url = reverse(view_name, args=args, kwargs=kwargs, current_app=current_app)
  File "D:\Python\lib\site-packages\django\urls\base.py", line 90, in reverse
    return iri_to_uri(resolver._reverse_with_prefix(view, prefix, *args, **kwargs))
  File "D:\Python\lib\site-packages\django\urls\resolvers.py", line 622, in _reverse_with_prefix
    raise NoReverseMatch(msg)
django.urls.exceptions.NoReverseMatch: Reverse for 'login' not found. 'login' is not a valid view function or pattern name.
ERROR 2021-07-25 11:46:12,294 basehttp 154 "GET / HTTP/1.1" 500 138372
INFO 2021-07-25 11:47:19,191 basehttp 154 "GET / HTTP/1.1" 200 12377
INFO 2021-07-25 11:52:12,179 basehttp 154 "GET / HTTP/1.1" 200 12377
INFO 2021-07-25 11:52:23,189 basehttp 154 "GET / HTTP/1.1" 200 12377
INFO 2021-07-25 11:52:27,844 basehttp 154 "GET /register/ HTTP/1.1" 200 5319
INFO 2021-07-25 11:52:28,685 basehttp 154 "GET /imagecode/?uuid=ff77c36f-199f-4718-b467-4ecb2b430488 HTTP/1.1" 200 3128
INFO 2021-07-25 11:52:33,181 basehttp 154 "GET /login/ HTTP/1.1" 200 3208
INFO 2021-07-25 11:52:39,381 basehttp 154 "POST /login/ HTTP/1.1" 302 0
INFO 2021-07-25 11:52:39,387 basehttp 154 "GET / HTTP/1.1" 200 12377
INFO 2021-07-25 11:52:52,203 basehttp 154 "GET /logout/ HTTP/1.1" 302 0
INFO 2021-07-25 11:52:52,208 basehttp 154 "GET / HTTP/1.1" 200 12377
INFO 2021-07-25 11:59:04,859 basehttp 154 "GET / HTTP/1.1" 200 12377
INFO 2021-07-25 11:59:06,893 basehttp 154 "GET /logout/ HTTP/1.1" 302 0
INFO 2021-07-25 11:59:06,899 basehttp 154 "GET / HTTP/1.1" 200 12377
INFO 2021-07-25 11:59:40,527 basehttp 154 "GET /login/ HTTP/1.1" 200 3208
INFO 2021-07-25 12:00:00,999 basehttp 154 "POST /login/ HTTP/1.1" 302 0
INFO 2021-07-25 12:00:01,009 basehttp 154 "GET / HTTP/1.1" 200 12377
INFO 2021-07-25 12:02:04,887 basehttp 154 "GET /logout/ HTTP/1.1" 302 0
INFO 2021-07-25 12:02:04,895 basehttp 154 "GET / HTTP/1.1" 200 12377
INFO 2021-07-25 12:02:43,924 basehttp 154 "GET / HTTP/1.1" 200 12377
INFO 2021-07-25 12:51:46,752 basehttp 154 "GET /login/ HTTP/1.1" 200 3208
INFO 2021-07-25 12:51:54,120 basehttp 154 "POST /login/ HTTP/1.1" 302 0
INFO 2021-07-25 12:51:54,126 basehttp 154 "GET / HTTP/1.1" 200 12377
INFO 2021-07-25 12:51:56,559 basehttp 154 "GET / HTTP/1.1" 200 12377
INFO 2021-07-25 12:51:58,344 basehttp 154 "GET /logout/ HTTP/1.1" 302 0
INFO 2021-07-25 12:51:58,350 basehttp 154 "GET / HTTP/1.1" 200 12377
INFO 2021-07-25 12:52:06,929 basehttp 154 "GET / HTTP/1.1" 200 12377
INFO 2021-07-25 12:52:07,488 basehttp 154 "GET / HTTP/1.1" 200 12377
INFO 2021-07-25 12:52:07,794 basehttp 154 "GET / HTTP/1.1" 200 12377
INFO 2021-07-25 12:52:07,978 basehttp 154 "GET / HTTP/1.1" 200 12377
INFO 2021-07-25 12:52:08,170 basehttp 154 "GET / HTTP/1.1" 200 12377
INFO 2021-07-25 12:52:08,337 basehttp 154 "GET / HTTP/1.1" 200 12377
INFO 2021-07-25 12:52:08,530 basehttp 154 "GET / HTTP/1.1" 200 12377
INFO 2021-07-25 12:52:10,348 basehttp 154 "GET / HTTP/1.1" 200 12377
INFO 2021-07-25 12:52:11,932 basehttp 154 "GET / HTTP/1.1" 200 12377
INFO 2021-07-25 12:52:22,900 basehttp 154 "GET / HTTP/1.1" 200 12377
INFO 2021-07-25 12:52:37,230 basehttp 154 "GET / HTTP/1.1" 200 12377
INFO 2021-07-25 12:52:37,851 basehttp 154 "GET / HTTP/1.1" 200 12377
INFO 2021-07-25 12:52:38,321 basehttp 154 "GET / HTTP/1.1" 200 12377
INFO 2021-07-25 12:52:38,721 basehttp 154 "GET / HTTP/1.1" 200 12377
INFO 2021-07-25 12:52:47,916 basehttp 154 "GET / HTTP/1.1" 200 12377
INFO 2021-07-25 12:52:50,685 basehttp 154 "GET /static/common/jquery.pagination.css HTTP/1.1" 200 523
INFO 2021-07-25 12:52:50,685 basehttp 154 "GET /static/common/common.css HTTP/1.1" 200 381
INFO 2021-07-25 12:52:50,691 basehttp 154 "GET /static/js/jquery-1.12.4.min.js HTTP/1.1" 200 97163
INFO 2021-07-25 12:52:50,691 basehttp 154 "GET /static/md_css/monokai.css HTTP/1.1" 200 4118
INFO 2021-07-25 12:52:50,697 basehttp 154 "GET /static/js/axios-0.18.0.min.js HTTP/1.1" 200 12941
INFO 2021-07-25 12:52:50,715 basehttp 154 "GET /static/bootstrap/css/bootstrap.min.css HTTP/1.1" 200 140942
INFO 2021-07-25 12:52:50,720 basehttp 154 "GET /static/js/host.js HTTP/1.1" 200 35
INFO 2021-07-25 12:52:50,724 basehttp 154 "GET /static/js/common.js HTTP/1.1" 200 891
INFO 2021-07-25 12:52:50,725 basehttp 154 "GET /static/js/vue-2.5.16.js HTTP/1.1" 200 289307
INFO 2021-07-25 12:52:50,728 basehttp 154 "GET /static/js/index.js HTTP/1.1" 200 530
INFO 2021-07-25 12:52:50,731 basehttp 154 "GET /static/js/jquery.pagination.min.js HTTP/1.1" 200 2935
INFO 2021-07-25 12:52:50,734 basehttp 154 "GET /static/img/1.jpg HTTP/1.1" 200 78682
WARNING 2021-07-25 12:52:51,068 log 222 Not Found: /favicon.ico
WARNING 2021-07-25 12:52:51,070 basehttp 154 "GET /favicon.ico HTTP/1.1" 404 2988
INFO 2021-07-25 12:53:13,341 basehttp 154 "GET /login/ HTTP/1.1" 200 3208
INFO 2021-07-25 12:53:13,361 basehttp 154 "GET /static/js/login.js HTTP/1.1" 200 677
INFO 2021-07-25 12:53:21,831 basehttp 154 "POST /login/ HTTP/1.1" 302 0
INFO 2021-07-25 12:53:21,836 basehttp 154 "GET / HTTP/1.1" 200 12377
INFO 2021-07-25 12:53:26,001 basehttp 154 "GET /logout/ HTTP/1.1" 302 0
INFO 2021-07-25 12:53:26,007 basehttp 154 "GET / HTTP/1.1" 200 12377
INFO 2021-07-25 13:03:03,464 basehttp 154 "GET /forgetpassword HTTP/1.1" 301 0
INFO 2021-07-25 13:03:03,480 basehttp 154 "GET /forgetpassword/ HTTP/1.1" 200 5144
WARNING 2021-07-25 13:03:03,503 log 222 Not Found: /forgetpassword/bootstrap/css/bootstrap.min.css
WARNING 2021-07-25 13:03:03,506 log 222 Not Found: /forgetpassword/js/vue-2.5.16.js
WARNING 2021-07-25 13:03:03,506 basehttp 154 "GET /forgetpassword/bootstrap/css/bootstrap.min.css HTTP/1.1" 404 3278
WARNING 2021-07-25 13:03:03,508 log 222 Not Found: /forgetpassword/js/axios-0.18.0.min.js
WARNING 2021-07-25 13:03:03,509 basehttp 154 "GET /forgetpassword/js/vue-2.5.16.js HTTP/1.1" 404 3233
WARNING 2021-07-25 13:03:03,512 log 222 Not Found: /forgetpassword/js/host.js
WARNING 2021-07-25 13:03:03,513 basehttp 154 "GET /forgetpassword/js/axios-0.18.0.min.js HTTP/1.1" 404 3251
WARNING 2021-07-25 13:03:03,514 basehttp 154 "GET /forgetpassword/js/host.js HTTP/1.1" 404 3215
WARNING 2021-07-25 13:03:03,521 log 222 Not Found: /forgetpassword/js/forget_password.js
WARNING 2021-07-25 13:03:03,523 log 222 Not Found: /forgetpassword/js/common.js
WARNING 2021-07-25 13:03:03,524 basehttp 154 "GET /forgetpassword/js/forget_password.js HTTP/1.1" 404 3248
WARNING 2021-07-25 13:03:03,526 log 222 Not Found: /forgetpassword/img/image_code.png
WARNING 2021-07-25 13:03:03,527 basehttp 154 "GET /forgetpassword/js/common.js HTTP/1.1" 404 3221
WARNING 2021-07-25 13:03:03,528 basehttp 154 "GET /forgetpassword/img/image_code.png HTTP/1.1" 404 3239
WARNING 2021-07-25 13:03:03,537 log 222 Not Found: /forgetpassword/js/forget_password.js
WARNING 2021-07-25 13:03:03,538 basehttp 154 "GET /forgetpassword/js/forget_password.js HTTP/1.1" 404 3248
INFO 2021-07-25 13:03:41,903 basehttp 154 "GET /forgetpassword/ HTTP/1.1" 200 5324
INFO 2021-07-25 13:03:42,736 basehttp 154 "GET /static/js/forget_password.js HTTP/1.1" 200 6567
INFO 2021-07-25 13:03:42,805 basehttp 154 "GET /imagecode/?uuid=76bc714d-eed4-44bc-b9fc-1bc1ab4412bf HTTP/1.1" 200 3323
INFO 2021-07-25 13:08:17,913 basehttp 154 "GET /imagecode/?uuid=01e731e1-af04-45e1-88be-4fb1a8f6324e HTTP/1.1" 200 3068
INFO 2021-07-25 13:08:30,526 basehttp 154 "GET /login/ HTTP/1.1" 200 3208
WARNING 2021-07-25 13:08:32,252 log 222 Not Found: /login/forget_password.html
WARNING 2021-07-25 13:08:32,253 basehttp 154 "GET /login/forget_password.html HTTP/1.1" 404 3218
WARNING 2021-07-25 13:09:46,528 log 222 Not Found: /login/forget_password.html
WARNING 2021-07-25 13:09:46,529 basehttp 154 "GET /login/forget_password.html HTTP/1.1" 404 3218
ERROR 2021-07-25 13:09:49,845 log 222 Internal Server Error: /login/
Traceback (most recent call last):
  File "D:\Python\lib\site-packages\django\core\handlers\exception.py", line 34, in inner
    response = get_response(request)
  File "D:\Python\lib\site-packages\django\core\handlers\base.py", line 126, in _get_response
    response = self.process_exception_by_middleware(e, request)
  File "D:\Python\lib\site-packages\django\core\handlers\base.py", line 124, in _get_response
    response = wrapped_callback(request, *callback_args, **callback_kwargs)
  File "D:\Python\lib\site-packages\django\views\generic\base.py", line 68, in view
    return self.dispatch(request, *args, **kwargs)
  File "D:\Python\lib\site-packages\django\views\generic\base.py", line 88, in dispatch
    return handler(request, *args, **kwargs)
  File "D:\webspace\iGEM\pywork\Blog\myblog\users\views.py", line 144, in get
    return render(request, 'login.html')
  File "D:\Python\lib\site-packages\django\shortcuts.py", line 36, in render
    content = loader.render_to_string(template_name, context, request, using=using)
  File "D:\Python\lib\site-packages\django\template\loader.py", line 62, in render_to_string
    return template.render(context, request)
  File "D:\Python\lib\site-packages\django\template\backends\django.py", line 61, in render
    return self.template.render(context)
  File "D:\Python\lib\site-packages\django\template\base.py", line 171, in render
    return self._render(context)
  File "D:\Python\lib\site-packages\django\template\base.py", line 163, in _render
    return self.nodelist.render(context)
  File "D:\Python\lib\site-packages\django\template\base.py", line 937, in render
    bit = node.render_annotated(context)
  File "D:\Python\lib\site-packages\django\template\base.py", line 904, in render_annotated
    return self.render(context)
  File "D:\Python\lib\site-packages\django\template\defaulttags.py", line 442, in render
    url = reverse(view_name, args=args, kwargs=kwargs, current_app=current_app)
  File "D:\Python\lib\site-packages\django\urls\base.py", line 90, in reverse
    return iri_to_uri(resolver._reverse_with_prefix(view, prefix, *args, **kwargs))
  File "D:\Python\lib\site-packages\django\urls\resolvers.py", line 622, in _reverse_with_prefix
    raise NoReverseMatch(msg)
django.urls.exceptions.NoReverseMatch: Reverse for 'forget_password.html' not found. 'forget_password.html' is not a valid view function or pattern name.
ERROR 2021-07-25 13:09:49,849 basehttp 154 "GET /login/ HTTP/1.1" 500 137683
ERROR 2021-07-25 13:10:26,633 log 222 Internal Server Error: /login/
Traceback (most recent call last):
  File "D:\Python\lib\site-packages\django\core\handlers\exception.py", line 34, in inner
    response = get_response(request)
  File "D:\Python\lib\site-packages\django\core\handlers\base.py", line 126, in _get_response
    response = self.process_exception_by_middleware(e, request)
  File "D:\Python\lib\site-packages\django\core\handlers\base.py", line 124, in _get_response
    response = wrapped_callback(request, *callback_args, **callback_kwargs)
  File "D:\Python\lib\site-packages\django\views\generic\base.py", line 68, in view
    return self.dispatch(request, *args, **kwargs)
  File "D:\Python\lib\site-packages\django\views\generic\base.py", line 88, in dispatch
    return handler(request, *args, **kwargs)
  File "D:\webspace\iGEM\pywork\Blog\myblog\users\views.py", line 144, in get
    return render(request, 'login.html')
  File "D:\Python\lib\site-packages\django\shortcuts.py", line 36, in render
    content = loader.render_to_string(template_name, context, request, using=using)
  File "D:\Python\lib\site-packages\django\template\loader.py", line 62, in render_to_string
    return template.render(context, request)
  File "D:\Python\lib\site-packages\django\template\backends\django.py", line 61, in render
    return self.template.render(context)
  File "D:\Python\lib\site-packages\django\template\base.py", line 171, in render
    return self._render(context)
  File "D:\Python\lib\site-packages\django\template\base.py", line 163, in _render
    return self.nodelist.render(context)
  File "D:\Python\lib\site-packages\django\template\base.py", line 937, in render
    bit = node.render_annotated(context)
  File "D:\Python\lib\site-packages\django\template\base.py", line 904, in render_annotated
    return self.render(context)
  File "D:\Python\lib\site-packages\django\template\defaulttags.py", line 442, in render
    url = reverse(view_name, args=args, kwargs=kwargs, current_app=current_app)
  File "D:\Python\lib\site-packages\django\urls\base.py", line 90, in reverse
    return iri_to_uri(resolver._reverse_with_prefix(view, prefix, *args, **kwargs))
  File "D:\Python\lib\site-packages\django\urls\resolvers.py", line 622, in _reverse_with_prefix
    raise NoReverseMatch(msg)
django.urls.exceptions.NoReverseMatch: Reverse for 'forget_password' not found. 'forget_password' is not a valid view function or pattern name.
ERROR 2021-07-25 13:10:26,638 basehttp 154 "GET /login/ HTTP/1.1" 500 138460
ERROR 2021-07-25 13:10:27,494 log 222 Internal Server Error: /login/
Traceback (most recent call last):
  File "D:\Python\lib\site-packages\django\core\handlers\exception.py", line 34, in inner
    response = get_response(request)
  File "D:\Python\lib\site-packages\django\core\handlers\base.py", line 126, in _get_response
    response = self.process_exception_by_middleware(e, request)
  File "D:\Python\lib\site-packages\django\core\handlers\base.py", line 124, in _get_response
    response = wrapped_callback(request, *callback_args, **callback_kwargs)
  File "D:\Python\lib\site-packages\django\views\generic\base.py", line 68, in view
    return self.dispatch(request, *args, **kwargs)
  File "D:\Python\lib\site-packages\django\views\generic\base.py", line 88, in dispatch
    return handler(request, *args, **kwargs)
  File "D:\webspace\iGEM\pywork\Blog\myblog\users\views.py", line 144, in get
    return render(request, 'login.html')
  File "D:\Python\lib\site-packages\django\shortcuts.py", line 36, in render
    content = loader.render_to_string(template_name, context, request, using=using)
  File "D:\Python\lib\site-packages\django\template\loader.py", line 62, in render_to_string
    return template.render(context, request)
  File "D:\Python\lib\site-packages\django\template\backends\django.py", line 61, in render
    return self.template.render(context)
  File "D:\Python\lib\site-packages\django\template\base.py", line 171, in render
    return self._render(context)
  File "D:\Python\lib\site-packages\django\template\base.py", line 163, in _render
    return self.nodelist.render(context)
  File "D:\Python\lib\site-packages\django\template\base.py", line 937, in render
    bit = node.render_annotated(context)
  File "D:\Python\lib\site-packages\django\template\base.py", line 904, in render_annotated
    return self.render(context)
  File "D:\Python\lib\site-packages\django\template\defaulttags.py", line 442, in render
    url = reverse(view_name, args=args, kwargs=kwargs, current_app=current_app)
  File "D:\Python\lib\site-packages\django\urls\base.py", line 90, in reverse
    return iri_to_uri(resolver._reverse_with_prefix(view, prefix, *args, **kwargs))
  File "D:\Python\lib\site-packages\django\urls\resolvers.py", line 622, in _reverse_with_prefix
    raise NoReverseMatch(msg)
django.urls.exceptions.NoReverseMatch: Reverse for 'forget_password' not found. 'forget_password' is not a valid view function or pattern name.
ERROR 2021-07-25 13:10:27,496 basehttp 154 "GET /login/ HTTP/1.1" 500 138460
INFO 2021-07-25 13:10:28,427 basehttp 154 "GET /imagecode/?uuid=eaace79b-01b6-43e3-a77f-c7868edc6a8c HTTP/1.1" 200 3359
INFO 2021-07-25 13:11:55,772 basehttp 154 "GET /login/ HTTP/1.1" 200 3202
INFO 2021-07-25 13:11:57,993 basehttp 154 "GET /forgetpassword/ HTTP/1.1" 200 5324
INFO 2021-07-25 13:11:58,057 basehttp 154 "GET /imagecode/?uuid=df2f72b4-424f-4e0f-bf67-945f2516b7d9 HTTP/1.1" 200 3748
INFO 2021-07-25 13:11:59,511 basehttp 154 "GET /login/ HTTP/1.1" 200 3202
INFO 2021-07-25 13:12:00,521 basehttp 154 "GET /forgetpassword/ HTTP/1.1" 200 5324
INFO 2021-07-25 13:12:00,577 basehttp 154 "GET /imagecode/?uuid=985584d9-0dc1-4c3a-b5d0-fd995a0f68db HTTP/1.1" 200 3642
INFO 2021-07-25 13:12:02,434 basehttp 154 "GET /imagecode/?uuid=55fa08e3-7117-48e5-9459-5246c45876c7 HTTP/1.1" 200 3160
INFO 2021-07-25 13:12:03,253 basehttp 154 "GET /login/ HTTP/1.1" 200 3202
WARNING 2021-07-25 13:19:52,627 base 91 Method Not Allowed (GET): /forgetpassword/
WARNING 2021-07-25 13:19:52,627 log 222 Method Not Allowed: /forgetpassword/
WARNING 2021-07-25 13:19:52,627 basehttp 154 "GET /forgetpassword/ HTTP/1.1" 405 0
WARNING 2021-07-25 13:19:53,981 base 91 Method Not Allowed (GET): /forgetpassword/
WARNING 2021-07-25 13:19:53,981 log 222 Method Not Allowed: /forgetpassword/
WARNING 2021-07-25 13:19:53,982 basehttp 154 "GET /forgetpassword/ HTTP/1.1" 405 0
INFO 2021-07-25 13:20:00,854 basehttp 154 "GET /login/ HTTP/1.1" 200 3202
WARNING 2021-07-25 13:20:02,155 base 91 Method Not Allowed (GET): /forgetpassword/
WARNING 2021-07-25 13:20:02,155 log 222 Method Not Allowed: /forgetpassword/
WARNING 2021-07-25 13:20:02,156 basehttp 154 "GET /forgetpassword/ HTTP/1.1" 405 0
INFO 2021-07-25 13:20:22,958 basehttp 154 "GET /login/ HTTP/1.1" 200 3202
WARNING 2021-07-25 13:20:24,731 base 91 Method Not Allowed (GET): /forgetpassword/
WARNING 2021-07-25 13:20:24,731 log 222 Method Not Allowed: /forgetpassword/
WARNING 2021-07-25 13:20:24,732 basehttp 154 "GET /forgetpassword/ HTTP/1.1" 405 0
INFO 2021-07-25 13:22:00,992 basehttp 154 "GET /forgetpassword/ HTTP/1.1" 200 5324
INFO 2021-07-25 13:22:01,077 basehttp 154 "GET /imagecode/?uuid=e81df46d-330d-4bde-85c2-9a9922075817 HTTP/1.1" 200 3234
INFO 2021-07-25 13:22:10,892 basehttp 154 "GET /imagecode/?uuid=0cf25dd6-9ff7-41ca-a50d-f475badad659 HTTP/1.1" 200 2726
INFO 2021-07-25 13:22:12,092 basehttp 154 "GET /imagecode/?uuid=62fb2183-c596-416c-9aff-738e71236ae3 HTTP/1.1" 200 3117
INFO 2021-07-25 13:22:17,776 views 128 318984
INFO 2021-07-25 13:22:18,168 basehttp 154 "GET /smscode/?mobile=17858239518&image_code=ivpb&uuid=62fb2183-c596-416c-9aff-738e71236ae3 HTTP/1.1" 200 63
INFO 2021-07-25 13:22:24,103 basehttp 154 "POST /forgetpassword/ HTTP/1.1" 302 0
INFO 2021-07-25 13:22:24,108 basehttp 154 "GET /login/ HTTP/1.1" 200 3202
INFO 2021-07-25 13:22:30,951 basehttp 154 "POST /login/ HTTP/1.1" 302 0
INFO 2021-07-25 13:22:30,956 basehttp 154 "GET / HTTP/1.1" 200 12377
INFO 2021-07-25 13:22:30,978 basehttp 154 "GET /static/js/index.js HTTP/1.1" 304 0
INFO 2021-07-25 15:35:26,955 basehttp 154 "GET / HTTP/1.1" 200 12377
INFO 2021-07-25 15:35:27,188 basehttp 154 "GET /static/js/index.js HTTP/1.1" 304 0
WARNING 2021-07-25 15:35:29,338 log 222 Not Found: /center.html
WARNING 2021-07-25 15:35:29,338 basehttp 154 "GET /center.html HTTP/1.1" 404 3342
ERROR 2021-07-25 15:37:48,219 log 222 Internal Server Error: /
Traceback (most recent call last):
  File "D:\Python\lib\site-packages\django\core\handlers\exception.py", line 34, in inner
    response = get_response(request)
  File "D:\Python\lib\site-packages\django\core\handlers\base.py", line 126, in _get_response
    response = self.process_exception_by_middleware(e, request)
  File "D:\Python\lib\site-packages\django\core\handlers\base.py", line 124, in _get_response
    response = wrapped_callback(request, *callback_args, **callback_kwargs)
  File "D:\Python\lib\site-packages\django\views\generic\base.py", line 68, in view
    return self.dispatch(request, *args, **kwargs)
  File "D:\Python\lib\site-packages\django\views\generic\base.py", line 88, in dispatch
    return handler(request, *args, **kwargs)
  File "D:\webspace\iGEM\pywork\Blog\myblog\home\views.py", line 11, in get
    return render(request, 'index.html')
  File "D:\Python\lib\site-packages\django\shortcuts.py", line 36, in render
    content = loader.render_to_string(template_name, context, request, using=using)
  File "D:\Python\lib\site-packages\django\template\loader.py", line 62, in render_to_string
    return template.render(context, request)
  File "D:\Python\lib\site-packages\django\template\backends\django.py", line 61, in render
    return self.template.render(context)
  File "D:\Python\lib\site-packages\django\template\base.py", line 171, in render
    return self._render(context)
  File "D:\Python\lib\site-packages\django\template\base.py", line 163, in _render
    return self.nodelist.render(context)
  File "D:\Python\lib\site-packages\django\template\base.py", line 937, in render
    bit = node.render_annotated(context)
  File "D:\Python\lib\site-packages\django\template\base.py", line 904, in render_annotated
    return self.render(context)
  File "D:\Python\lib\site-packages\django\template\defaulttags.py", line 442, in render
    url = reverse(view_name, args=args, kwargs=kwargs, current_app=current_app)
  File "D:\Python\lib\site-packages\django\urls\base.py", line 90, in reverse
    return iri_to_uri(resolver._reverse_with_prefix(view, prefix, *args, **kwargs))
  File "D:\Python\lib\site-packages\django\urls\resolvers.py", line 622, in _reverse_with_prefix
    raise NoReverseMatch(msg)
django.urls.exceptions.NoReverseMatch: Reverse for 'writeblog' not found. 'writeblog' is not a valid view function or pattern name.
ERROR 2021-07-25 15:37:48,224 basehttp 154 "GET / HTTP/1.1" 500 141173
INFO 2021-07-25 15:38:39,840 basehttp 154 "GET / HTTP/1.1" 200 12372
INFO 2021-07-25 15:38:43,090 basehttp 154 "GET /center/ HTTP/1.1" 200 4278
INFO 2021-07-25 15:38:44,319 basehttp 154 "GET /static/js/center.js HTTP/1.1" 200 522
INFO 2021-07-25 15:38:44,320 basehttp 154 "GET /static/img/mei.png HTTP/1.1" 200 230847
INFO 2021-07-25 15:49:10,028 basehttp 154 "GET / HTTP/1.1" 200 12372
INFO 2021-07-25 15:49:12,843 basehttp 154 "GET /static/common/jquery.pagination.css HTTP/1.1" 200 523
INFO 2021-07-25 15:49:12,849 basehttp 154 "GET /static/js/jquery-1.12.4.min.js HTTP/1.1" 200 97163
INFO 2021-07-25 15:49:12,851 basehttp 154 "GET /static/common/common.css HTTP/1.1" 200 381
INFO 2021-07-25 15:49:12,855 basehttp 154 "GET /static/md_css/monokai.css HTTP/1.1" 200 4118
INFO 2021-07-25 15:49:12,859 basehttp 154 "GET /static/js/axios-0.18.0.min.js HTTP/1.1" 200 12941
INFO 2021-07-25 15:49:12,908 basehttp 154 "GET /static/bootstrap/css/bootstrap.min.css HTTP/1.1" 200 140942
INFO 2021-07-25 15:49:12,909 basehttp 154 "GET /static/js/vue-2.5.16.js HTTP/1.1" 200 289307
INFO 2021-07-25 15:49:12,913 basehttp 154 "GET /static/js/host.js HTTP/1.1" 200 35
INFO 2021-07-25 15:49:12,918 basehttp 154 "GET /static/js/common.js HTTP/1.1" 200 891
INFO 2021-07-25 15:49:12,924 basehttp 154 "GET /static/js/index.js HTTP/1.1" 200 530
INFO 2021-07-25 15:49:12,925 basehttp 154 "GET /static/js/jquery.pagination.min.js HTTP/1.1" 200 2935
INFO 2021-07-25 15:49:12,944 basehttp 154 "GET /static/img/1.jpg HTTP/1.1" 200 78682
WARNING 2021-07-25 15:49:13,225 log 222 Not Found: /favicon.ico
WARNING 2021-07-25 15:49:13,225 basehttp 154 "GET /favicon.ico HTTP/1.1" 404 3342
INFO 2021-07-25 15:49:20,957 basehttp 154 "GET /center HTTP/1.1" 301 0
INFO 2021-07-25 15:49:20,962 basehttp 154 "GET /center/ HTTP/1.1" 302 0
WARNING 2021-07-25 15:49:20,967 log 222 Not Found: /accounts/login/
WARNING 2021-07-25 15:49:20,967 basehttp 154 "GET /accounts/login/?next=/center/ HTTP/1.1" 404 3368
WARNING 2021-07-25 15:49:50,743 log 222 Not Found: /accounts/login/
WARNING 2021-07-25 15:49:50,743 basehttp 154 "GET /accounts/login/?next=/center/ HTTP/1.1" 404 3368
INFO 2021-07-25 15:49:57,693 basehttp 154 "GET /center/ HTTP/1.1" 302 0
INFO 2021-07-25 15:49:57,705 basehttp 154 "GET /login/?next=/center/ HTTP/1.1" 200 3202
INFO 2021-07-25 15:49:58,579 basehttp 154 "GET /static/js/login.js HTTP/1.1" 200 677
INFO 2021-07-25 16:05:46,920 basehttp 154 "GET /center/ HTTP/1.1" 200 4300
INFO 2021-07-25 16:16:20,440 basehttp 154 "GET /center/ HTTP/1.1" 200 4300
INFO 2021-07-25 16:16:31,214 basehttp 154 "POST /center/ HTTP/1.1" 302 0
INFO 2021-07-25 16:16:31,240 basehttp 154 "GET /center/ HTTP/1.1" 200 4305
INFO 2021-07-25 16:16:38,537 basehttp 154 "GET / HTTP/1.1" 200 12372
INFO 2021-07-25 16:16:38,561 basehttp 154 "GET /static/js/index.js HTTP/1.1" 304 0
INFO 2021-07-25 16:16:41,039 basehttp 154 "GET /center/ HTTP/1.1" 200 4305
INFO 2021-07-25 16:17:46,809 basehttp 154 "POST /center/ HTTP/1.1" 302 0
INFO 2021-07-25 16:17:46,838 basehttp 154 "GET /center/ HTTP/1.1" 200 4362
WARNING 2021-07-25 16:17:46,859 log 222 Not Found: /center/avatar/20210725/黑猫夜魔女王_2.png
WARNING 2021-07-25 16:17:46,861 basehttp 154 "GET /center/avatar/20210725/%E9%BB%91%E7%8C%AB%E5%A4%9C%E9%AD%94%E5%A5%B3%E7%8E%8B_2.png HTTP/1.1" 404 3486
INFO 2021-07-25 16:23:59,326 basehttp 154 "GET /center/ HTTP/1.1" 200 4369
INFO 2021-07-25 16:24:00,165 basehttp 154 "GET /media/avatar/20210725/%E9%BB%91%E7%8C%AB%E5%A4%9C%E9%AD%94%E5%A5%B3%E7%8E%8B_2.png HTTP/1.1" 200 95873
INFO 2021-07-25 16:34:15,548 basehttp 154 "GET /writeblog HTTP/1.1" 301 0
INFO 2021-07-25 16:34:15,588 basehttp 154 "GET /writeblog/ HTTP/1.1" 200 5598
WARNING 2021-07-25 16:34:15,617 log 222 Not Found: /writeblog/md_css/monokai.css
WARNING 2021-07-25 16:34:15,618 log 222 Not Found: /writeblog/bootstrap/css/bootstrap.min.css
WARNING 2021-07-25 16:34:15,620 basehttp 154 "GET /writeblog/bootstrap/css/bootstrap.min.css HTTP/1.1" 404 3733
WARNING 2021-07-25 16:34:15,621 basehttp 154 "GET /writeblog/md_css/monokai.css HTTP/1.1" 404 3694
WARNING 2021-07-25 16:34:15,628 log 222 Not Found: /writeblog/js/host.js
WARNING 2021-07-25 16:34:15,630 log 222 Not Found: /writeblog/js/common.js
WARNING 2021-07-25 16:34:15,631 log 222 Not Found: /writeblog/js/vue-2.5.16.js
WARNING 2021-07-25 16:34:15,633 log 222 Not Found: /writeblog/js/axios-0.18.0.min.js
WARNING 2021-07-25 16:34:15,635 basehttp 154 "GET /writeblog/js/host.js HTTP/1.1" 404 3670
WARNING 2021-07-25 16:34:15,636 basehttp 154 "GET /writeblog/js/vue-2.5.16.js HTTP/1.1" 404 3688
WARNING 2021-07-25 16:34:15,637 basehttp 154 "GET /writeblog/js/common.js HTTP/1.1" 404 3676
WARNING 2021-07-25 16:34:15,642 log 222 Not Found: /writeblog/js/write_blog.js
WARNING 2021-07-25 16:34:15,643 basehttp 154 "GET /writeblog/js/axios-0.18.0.min.js HTTP/1.1" 404 3706
WARNING 2021-07-25 16:34:15,645 log 222 Not Found: /writeblog/ckeditor/ckeditor/ckeditor.js
WARNING 2021-07-25 16:34:15,648 log 222 Not Found: /writeblog/ckeditor/ckeditor-init.js
WARNING 2021-07-25 16:34:15,648 basehttp 154 "GET /writeblog/js/write_blog.js HTTP/1.1" 404 3688
WARNING 2021-07-25 16:34:15,649 basehttp 154 "GET /writeblog/ckeditor/ckeditor/ckeditor.js HTTP/1.1" 404 3727
WARNING 2021-07-25 16:34:15,650 basehttp 154 "GET /writeblog/ckeditor/ckeditor-init.js HTTP/1.1" 404 3715
WARNING 2021-07-25 16:34:15,662 log 222 Not Found: /writeblog/ckeditor/ckeditor/ckeditor.js
WARNING 2021-07-25 16:34:15,663 basehttp 154 "GET /writeblog/ckeditor/ckeditor/ckeditor.js HTTP/1.1" 404 3727
WARNING 2021-07-25 16:34:15,668 log 222 Not Found: /writeblog/js/host.js
WARNING 2021-07-25 16:34:15,669 basehttp 154 "GET /writeblog/js/host.js HTTP/1.1" 404 3670
WARNING 2021-07-25 16:34:15,674 log 222 Not Found: /writeblog/js/common.js
WARNING 2021-07-25 16:34:15,674 basehttp 154 "GET /writeblog/js/common.js HTTP/1.1" 404 3676
WARNING 2021-07-25 16:34:15,679 log 222 Not Found: /writeblog/js/write_blog.js
WARNING 2021-07-25 16:34:15,679 basehttp 154 "GET /writeblog/js/write_blog.js HTTP/1.1" 404 3688
INFO 2021-07-25 16:34:47,707 basehttp 154 "GET /writeblog/ HTTP/1.1" 200 5462
INFO 2021-07-25 16:34:49,340 basehttp 154 "GET /static/js/write_blog.js HTTP/1.1" 200 521
INFO 2021-07-25 16:34:49,343 basehttp 154 "GET /static/ckeditor/ckeditor-init.js HTTP/1.1" 200 2039
INFO 2021-07-25 16:34:49,346 basehttp 154 "GET /static/ckeditor/ckeditor/ckeditor.js HTTP/1.1" 200 690627
INFO 2021-07-25 16:34:49,409 basehttp 154 "GET /static/ckeditor/ckeditor/config.js?t=I3I8 HTTP/1.1" 200 338
INFO 2021-07-25 16:34:49,419 basehttp 154 "GET /static/ckeditor/ckeditor/lang/zh-cn.js?t=I3I8 HTTP/1.1" 200 18818
INFO 2021-07-25 16:34:49,419 basehttp 154 "GET /static/ckeditor/ckeditor/skins/moono-lisa/editor.css?t=I3I8 HTTP/1.1" 200 46921
INFO 2021-07-25 16:34:49,427 basehttp 154 "GET /static/ckeditor/ckeditor/styles.js?t=I3I8 HTTP/1.1" 200 5583
INFO 2021-07-25 16:34:49,440 basehttp 154 "GET /static/ckeditor/ckeditor/plugins/scayt/skins/moono-lisa/scayt.css HTTP/1.1" 200 381
INFO 2021-07-25 16:34:49,441 basehttp 154 "GET /static/ckeditor/ckeditor/plugins/scayt/dialogs/dialog.css HTTP/1.1" 200 419
INFO 2021-07-25 16:34:49,441 basehttp 154 "GET /static/ckeditor/ckeditor/plugins/tableselection/styles/tableselection.css HTTP/1.1" 200 1082
INFO 2021-07-25 16:34:49,441 basehttp 154 "GET /static/ckeditor/ckeditor/plugins/wsc/skins/moono-lisa/wsc.css HTTP/1.1" 200 1306
INFO 2021-07-25 16:34:49,445 basehttp 154 "GET /static/ckeditor/ckeditor/plugins/copyformatting/styles/copyformatting.css HTTP/1.1" 200 1513
INFO 2021-07-25 16:34:49,483 basehttp 154 "GET /static/ckeditor/ckeditor/skins/moono-lisa/icons.png?t=95e5d83 HTTP/1.1" 200 12421
INFO 2021-07-25 16:34:49,531 basehttp 154 "GET /static/ckeditor/ckeditor/contents.css?t=I3I8 HTTP/1.1" 200 2954
INFO 2021-07-25 16:38:23,570 basehttp 154 "GET / HTTP/1.1" 200 12368
INFO 2021-07-25 16:38:25,675 basehttp 154 "GET /writeblog/ HTTP/1.1" 200 5462
INFO 2021-07-25 16:38:29,654 basehttp 154 "GET / HTTP/1.1" 200 12368
INFO 2021-07-25 16:57:54,641 basehttp 154 "GET /admin HTTP/1.1" 301 0
INFO 2021-07-25 16:57:54,684 basehttp 154 "GET /admin/ HTTP/1.1" 302 0
INFO 2021-07-25 16:57:54,901 basehttp 154 "GET /admin/login/?next=/admin/ HTTP/1.1" 200 1963
INFO 2021-07-25 16:57:56,393 basehttp 154 "GET /static/admin/css/login.css HTTP/1.1" 200 1203
INFO 2021-07-25 16:57:56,393 basehttp 154 "GET /static/admin/css/base.css HTTP/1.1" 200 16225
INFO 2021-07-25 16:57:56,398 basehttp 154 "GET /static/admin/css/fonts.css HTTP/1.1" 200 423
INFO 2021-07-25 16:57:56,406 basehttp 154 "GET /static/admin/css/responsive.css HTTP/1.1" 200 17976
INFO 2021-07-25 16:57:56,439 basehttp 154 "GET /static/admin/fonts/Roboto-Bold-webfont.woff HTTP/1.1" 200 82564
INFO 2021-07-25 16:57:56,439 basehttp 154 "GET /static/admin/fonts/Roboto-Regular-webfont.woff HTTP/1.1" 200 80304
INFO 2021-07-25 16:57:56,439 basehttp 154 "GET /static/admin/fonts/Roboto-Light-webfont.woff HTTP/1.1" 200 81348
INFO 2021-07-25 17:05:49,877 basehttp 154 "POST /admin/login/?next=/admin/ HTTP/1.1" 302 0
INFO 2021-07-25 17:05:50,033 basehttp 154 "GET /admin/ HTTP/1.1" 200 2588
INFO 2021-07-25 17:05:50,051 basehttp 154 "GET /static/admin/css/dashboard.css HTTP/1.1" 200 412
INFO 2021-07-25 17:05:50,060 basehttp 154 "GET /static/admin/img/icon-addlink.svg HTTP/1.1" 200 331
INFO 2021-07-25 17:05:50,061 basehttp 154 "GET /static/admin/img/icon-changelink.svg HTTP/1.1" 200 380
INFO 2021-07-25 17:07:31,304 basehttp 154 "GET /admin/ HTTP/1.1" 200 3297
INFO 2021-07-25 17:07:53,185 basehttp 154 "GET /admin/home/articlecategory/ HTTP/1.1" 200 3222
INFO 2021-07-25 17:07:53,231 basehttp 154 "GET /admin/jsi18n/ HTTP/1.1" 200 7684
INFO 2021-07-25 17:07:56,092 basehttp 154 "GET /static/admin/js/jquery.init.js HTTP/1.1" 200 363
INFO 2021-07-25 17:07:56,094 basehttp 154 "GET /static/admin/js/core.js HTTP/1.1" 200 7135
INFO 2021-07-25 17:07:56,097 basehttp 154 "GET /static/admin/js/urlify.js HTTP/1.1" 200 8972
INFO 2021-07-25 17:07:56,099 basehttp 154 "GET /static/admin/js/prepopulate.js HTTP/1.1" 200 1530
INFO 2021-07-25 17:07:56,104 basehttp 154 "GET /static/admin/js/actions.js HTTP/1.1" 200 6538
INFO 2021-07-25 17:07:56,106 basehttp 154 "GET /static/admin/js/vendor/xregexp/xregexp.js HTTP/1.1" 200 128820
INFO 2021-07-25 17:07:56,113 basehttp 154 "GET /static/admin/js/admin/RelatedObjectLookups.js HTTP/1.1" 200 6918
INFO 2021-07-25 17:07:56,127 basehttp 154 "GET /static/admin/css/changelists.css HTTP/1.1" 200 6170
INFO 2021-07-25 17:07:56,130 basehttp 154 "GET /static/admin/js/vendor/jquery/jquery.js HTTP/1.1" 200 271751
INFO 2021-07-25 17:07:56,161 basehttp 154 "GET /static/admin/img/tooltag-add.svg HTTP/1.1" 200 331
INFO 2021-07-25 17:08:04,215 basehttp 154 "GET /admin/home/articlecategory/add/ HTTP/1.1" 200 5039
INFO 2021-07-25 17:08:04,237 basehttp 154 "GET /static/admin/css/forms.css HTTP/1.1" 200 8505
INFO 2021-07-25 17:08:04,240 basehttp 154 "GET /static/admin/js/calendar.js HTTP/1.1" 200 7777
INFO 2021-07-25 17:08:04,240 basehttp 154 "GET /static/admin/js/prepopulate_init.js HTTP/1.1" 200 495
INFO 2021-07-25 17:08:04,242 basehttp 154 "GET /static/admin/js/admin/DateTimeShortcuts.js HTTP/1.1" 200 20281
INFO 2021-07-25 17:08:04,244 basehttp 154 "GET /static/admin/js/change_form.js HTTP/1.1" 200 712
INFO 2021-07-25 17:08:04,245 basehttp 154 "GET /admin/jsi18n/ HTTP/1.1" 200 7684
INFO 2021-07-25 17:08:04,246 basehttp 154 "GET /static/admin/css/widgets.css HTTP/1.1" 200 10340
INFO 2021-07-25 17:08:04,276 basehttp 154 "GET /static/admin/img/icon-clock.svg HTTP/1.1" 200 677
INFO 2021-07-25 17:08:04,277 basehttp 154 "GET /static/admin/img/icon-calendar.svg HTTP/1.1" 200 1086
INFO 2021-07-25 17:08:25,668 basehttp 154 "POST /admin/home/articlecategory/add/ HTTP/1.1" 302 0
INFO 2021-07-25 17:08:25,704 basehttp 154 "GET /admin/home/articlecategory/add/ HTTP/1.1" 200 5274
INFO 2021-07-25 17:08:25,726 basehttp 154 "GET /admin/jsi18n/ HTTP/1.1" 200 7684
INFO 2021-07-25 17:08:25,750 basehttp 154 "GET /static/admin/img/icon-yes.svg HTTP/1.1" 200 436
INFO 2021-07-25 17:08:31,784 basehttp 154 "POST /admin/home/articlecategory/add/ HTTP/1.1" 302 0
INFO 2021-07-25 17:08:31,832 basehttp 154 "GET /admin/home/articlecategory/add/ HTTP/1.1" 200 5272
INFO 2021-07-25 17:08:31,868 basehttp 154 "GET /admin/jsi18n/ HTTP/1.1" 200 7684
INFO 2021-07-25 17:08:39,615 basehttp 154 "POST /admin/home/articlecategory/add/ HTTP/1.1" 302 0
INFO 2021-07-25 17:08:39,669 basehttp 154 "GET /admin/home/articlecategory/add/ HTTP/1.1" 200 5272
INFO 2021-07-25 17:08:39,695 basehttp 154 "GET /admin/jsi18n/ HTTP/1.1" 200 7684
INFO 2021-07-25 17:08:44,863 basehttp 154 "POST /admin/home/articlecategory/add/ HTTP/1.1" 302 0
INFO 2021-07-25 17:08:44,915 basehttp 154 "GET /admin/home/articlecategory/add/ HTTP/1.1" 200 5274
INFO 2021-07-25 17:08:44,950 basehttp 154 "GET /admin/jsi18n/ HTTP/1.1" 200 7684
INFO 2021-07-25 17:08:48,750 basehttp 154 "POST /admin/home/articlecategory/add/ HTTP/1.1" 302 0
INFO 2021-07-25 17:08:48,784 basehttp 154 "GET /admin/home/articlecategory/add/ HTTP/1.1" 200 5271
INFO 2021-07-25 17:08:48,804 basehttp 154 "GET /admin/jsi18n/ HTTP/1.1" 200 7684
INFO 2021-07-25 17:08:56,399 basehttp 154 "POST /admin/home/articlecategory/add/ HTTP/1.1" 302 0
INFO 2021-07-25 17:08:56,446 basehttp 154 "GET /admin/home/articlecategory/add/ HTTP/1.1" 200 5270
INFO 2021-07-25 17:08:56,466 basehttp 154 "GET /admin/jsi18n/ HTTP/1.1" 200 7684
INFO 2021-07-25 17:09:09,620 basehttp 154 "POST /admin/home/articlecategory/add/ HTTP/1.1" 302 0
INFO 2021-07-25 17:09:09,676 basehttp 154 "GET /admin/home/articlecategory/ HTTP/1.1" 200 5932
INFO 2021-07-25 17:09:09,720 basehttp 154 "GET /admin/jsi18n/ HTTP/1.1" 200 7684
INFO 2021-07-25 17:50:27,762 basehttp 154 "GET / HTTP/1.1" 200 12368
INFO 2021-07-25 17:50:27,835 basehttp 154 "GET /static/js/index.js HTTP/1.1" 304 0
INFO 2021-07-25 17:50:29,810 basehttp 154 "GET /writeblog/ HTTP/1.1" 200 6116
INFO 2021-07-25 18:20:15,665 basehttp 154 "GET /writeblog/ HTTP/1.1" 200 6116
INFO 2021-07-25 18:21:20,794 basehttp 154 "POST /writeblog/ HTTP/1.1" 302 0
INFO 2021-07-25 18:21:20,801 basehttp 154 "GET / HTTP/1.1" 200 12368
ERROR 2021-07-25 18:38:58,528 log 222 Internal Server Error: /
Traceback (most recent call last):
  File "D:\Python\lib\site-packages\django\template\smartif.py", line 175, in translate_token
    op = OPERATORS[token]
KeyError: 'cat,id'

During handling of the above exception, another exception occurred:

Traceback (most recent call last):
  File "D:\Python\lib\site-packages\django\core\handlers\exception.py", line 34, in inner
    response = get_response(request)
  File "D:\Python\lib\site-packages\django\core\handlers\base.py", line 126, in _get_response
    response = self.process_exception_by_middleware(e, request)
  File "D:\Python\lib\site-packages\django\core\handlers\base.py", line 124, in _get_response
    response = wrapped_callback(request, *callback_args, **callback_kwargs)
  File "D:\Python\lib\site-packages\django\views\generic\base.py", line 68, in view
    return self.dispatch(request, *args, **kwargs)
  File "D:\Python\lib\site-packages\django\views\generic\base.py", line 88, in dispatch
    return handler(request, *args, **kwargs)
  File "D:\webspace\iGEM\pywork\Blog\myblog\home\views.py", line 29, in get
    return render(request, 'index.html', context=context)
  File "D:\Python\lib\site-packages\django\shortcuts.py", line 36, in render
    content = loader.render_to_string(template_name, context, request, using=using)
  File "D:\Python\lib\site-packages\django\template\loader.py", line 61, in render_to_string
    template = get_template(template_name, using=using)
  File "D:\Python\lib\site-packages\django\template\loader.py", line 15, in get_template
    return engine.get_template(template_name)
  File "D:\Python\lib\site-packages\django\template\backends\django.py", line 34, in get_template
    return Template(self.engine.get_template(template_name), self)
  File "D:\Python\lib\site-packages\django\template\engine.py", line 144, in get_template
    template, origin = self.find_template(template_name)
  File "D:\Python\lib\site-packages\django\template\engine.py", line 126, in find_template
    template = loader.get_template(name, skip=skip)
  File "D:\Python\lib\site-packages\django\template\loaders\base.py", line 29, in get_template
    return Template(
  File "D:\Python\lib\site-packages\django\template\base.py", line 156, in __init__
    self.nodelist = self.compile_nodelist()
  File "D:\Python\lib\site-packages\django\template\base.py", line 194, in compile_nodelist
    return parser.parse()
  File "D:\Python\lib\site-packages\django\template\base.py", line 478, in parse
    raise self.error(token, e)
  File "D:\Python\lib\site-packages\django\template\base.py", line 476, in parse
    compiled_result = compile_func(self, token)
  File "D:\Python\lib\site-packages\django\template\defaulttags.py", line 810, in do_for
    nodelist_loop = parser.parse(('empty', 'endfor',))
  File "D:\Python\lib\site-packages\django\template\base.py", line 478, in parse
    raise self.error(token, e)
  File "D:\Python\lib\site-packages\django\template\base.py", line 476, in parse
    compiled_result = compile_func(self, token)
  File "D:\Python\lib\site-packages\django\template\defaulttags.py", line 950, in do_if
    condition = TemplateIfParser(parser, bits).parse()
  File "D:\Python\lib\site-packages\django\template\defaulttags.py", line 883, in __init__
    super().__init__(*args, **kwargs)
  File "D:\Python\lib\site-packages\django\template\smartif.py", line 166, in __init__
    mapped_tokens.append(self.translate_token(token))
  File "D:\Python\lib\site-packages\django\template\smartif.py", line 177, in translate_token
    return self.create_var(token)
  File "D:\Python\lib\site-packages\django\template\defaulttags.py", line 886, in create_var
    return TemplateLiteral(self.template_parser.compile_filter(value), value)
  File "D:\Python\lib\site-packages\django\template\base.py", line 563, in compile_filter
    return FilterExpression(token, self)
  File "D:\Python\lib\site-packages\django\template\base.py", line 662, in __init__
    raise TemplateSyntaxError("Could not parse the remainder: '%s' "
django.template.exceptions.TemplateSyntaxError: Could not parse the remainder: ',id' from 'cat,id'
ERROR 2021-07-25 18:38:58,534 basehttp 154 "GET / HTTP/1.1" 500 201272
INFO 2021-07-25 18:39:27,066 basehttp 154 "GET / HTTP/1.1" 200 13528
INFO 2021-07-25 18:39:27,118 basehttp 154 "GET /static/js/index.js HTTP/1.1" 304 0
INFO 2021-07-25 18:39:29,544 basehttp 154 "GET /?cat_id=4 HTTP/1.1" 200 13528
INFO 2021-07-25 18:39:30,801 basehttp 154 "GET /?cat_id=1 HTTP/1.1" 200 13528
INFO 2021-07-25 18:39:34,657 basehttp 154 "GET /?cat_id=2 HTTP/1.1" 200 13528
INFO 2021-07-25 18:39:35,015 basehttp 154 "GET /?cat_id=3 HTTP/1.1" 200 13528
INFO 2021-07-25 18:39:35,665 basehttp 154 "GET /?cat_id=1 HTTP/1.1" 200 13528
INFO 2021-07-25 18:40:20,104 basehttp 154 "GET /?cat_id=4 HTTP/1.1" 200 13528
INFO 2021-07-25 18:44:06,077 basehttp 154 "GET /?cat_id=4 HTTP/1.1" 200 13528
INFO 2021-07-25 18:44:11,544 basehttp 154 "GET / HTTP/1.1" 200 13528
INFO 2021-07-25 18:44:13,418 basehttp 154 "GET /?cat_id=2 HTTP/1.1" 200 13528
INFO 2021-07-25 18:44:15,555 basehttp 154 "GET / HTTP/1.1" 200 13528
INFO 2021-07-25 18:44:16,921 basehttp 154 "GET /?cat_id=1 HTTP/1.1" 200 13528
INFO 2021-07-25 18:44:17,320 basehttp 154 "GET /?cat_id=2 HTTP/1.1" 200 13528
INFO 2021-07-25 18:44:17,684 basehttp 154 "GET /?cat_id=3 HTTP/1.1" 200 13528
INFO 2021-07-25 18:44:18,035 basehttp 154 "GET /?cat_id=4 HTTP/1.1" 200 13528
