INFO 2021-07-23 23:02:53,496 basehttp 154 "GET / HTTP/1.1" 200 4
INFO 2021-07-23 23:04:42,207 urls 25 info
INFO 2021-07-23 23:04:42,208 basehttp 154 "GET / HTTP/1.1" 200 4
INFO 2021-07-23 23:08:14,415 urls 25 info
INFO 2021-07-23 23:08:14,415 basehttp 154 "GET / HTTP/1.1" 200 4
INFO 2021-07-23 23:08:23,108 basehttp 154 "GET /static/index.html HTTP/1.1" 200 12002
INFO 2021-07-23 23:08:23,126 basehttp 154 "GET /static/md_css/monokai.css HTTP/1.1" 200 4118
INFO 2021-07-23 23:08:23,127 basehttp 154 "GET /static/bootstrap/css/bootstrap.min.css HTTP/1.1" 200 140942
INFO 2021-07-23 23:08:23,143 basehttp 154 "GET /static/common/jquery.pagination.css HTTP/1.1" 200 523
INFO 2021-07-23 23:08:23,144 basehttp 154 "GET /static/common/common.css HTTP/1.1" 200 381
INFO 2021-07-23 23:08:23,144 basehttp 154 "GET /static/js/axios-0.18.0.min.js HTTP/1.1" 200 12941
INFO 2021-07-23 23:08:23,145 basehttp 154 "GET /static/js/jquery-1.12.4.min.js HTTP/1.1" 200 97163
INFO 2021-07-23 23:08:23,146 basehttp 154 "GET /static/js/vue-2.5.16.js HTTP/1.1" 200 289307
INFO 2021-07-23 23:08:23,164 basehttp 154 "GET /static/js/host.js HTTP/1.1" 200 35
INFO 2021-07-23 23:08:23,168 basehttp 154 "GET /static/js/common.js HTTP/1.1" 200 891
INFO 2021-07-23 23:08:23,174 basehttp 154 "GET /static/js/index.js HTTP/1.1" 200 530
INFO 2021-07-23 23:08:23,177 basehttp 154 "GET /static/js/jquery.pagination.min.js HTTP/1.1" 200 2935
INFO 2021-07-23 23:08:23,181 basehttp 154 "GET /static/img/1.jpg HTTP/1.1" 200 78682
INFO 2021-07-23 23:08:35,401 basehttp 154 "GET /static/404.html HTTP/1.1" 200 1177
INFO 2021-07-23 23:08:35,421 basehttp 154 "GET /static/img/404.png HTTP/1.1" 200 107422
INFO 2021-07-23 23:22:06,650 basehttp 154 "GET /register HTTP/1.1" 301 0
INFO 2021-07-23 23:22:06,666 basehttp 154 "GET /register/ HTTP/1.1" 200 5131
WARNING 2021-07-23 23:22:06,686 log 222 Not Found: /register/bootstrap/css/bootstrap.min.css
WARNING 2021-07-23 23:22:06,687 log 222 Not Found: /register/js/vue-2.5.16.js
WARNING 2021-07-23 23:22:06,689 basehttp 154 "GET /register/bootstrap/css/bootstrap.min.css HTTP/1.1" 404 2232
WARNING 2021-07-23 23:22:06,691 log 222 Not Found: /register/js/axios-0.18.0.min.js
WARNING 2021-07-23 23:22:06,692 basehttp 154 "GET /register/js/vue-2.5.16.js HTTP/1.1" 404 2187
WARNING 2021-07-23 23:22:06,693 basehttp 154 "GET /register/js/axios-0.18.0.min.js HTTP/1.1" 404 2205
WARNING 2021-07-23 23:22:06,698 log 222 Not Found: /register/js/host.js
WARNING 2021-07-23 23:22:06,702 log 222 Not Found: /register/js/common.js
WARNING 2021-07-23 23:22:06,703 log 222 Not Found: /register/js/register.js
WARNING 2021-07-23 23:22:06,703 basehttp 154 "GET /register/js/host.js HTTP/1.1" 404 2169
WARNING 2021-07-23 23:22:06,705 basehttp 154 "GET /register/js/register.js HTTP/1.1" 404 2181
WARNING 2021-07-23 23:22:06,707 log 222 Not Found: /register/img/image_code.png
WARNING 2021-07-23 23:22:06,707 basehttp 154 "GET /register/js/common.js HTTP/1.1" 404 2175
WARNING 2021-07-23 23:22:06,708 basehttp 154 "GET /register/img/image_code.png HTTP/1.1" 404 2193
WARNING 2021-07-23 23:22:06,714 log 222 Not Found: /register/js/register.js
WARNING 2021-07-23 23:22:06,714 basehttp 154 "GET /register/js/register.js HTTP/1.1" 404 2181
INFO 2021-07-23 23:22:13,886 basehttp 154 "GET /register/ HTTP/1.1" 200 5131
WARNING 2021-07-23 23:22:13,905 log 222 Not Found: /register/bootstrap/css/bootstrap.min.css
WARNING 2021-07-23 23:22:13,908 log 222 Not Found: /register/js/vue-2.5.16.js
WARNING 2021-07-23 23:22:13,909 log 222 Not Found: /register/js/axios-0.18.0.min.js
WARNING 2021-07-23 23:22:13,910 basehttp 154 "GET /register/bootstrap/css/bootstrap.min.css HTTP/1.1" 404 2232
WARNING 2021-07-23 23:22:13,910 basehttp 154 "GET /register/js/vue-2.5.16.js HTTP/1.1" 404 2187
WARNING 2021-07-23 23:22:13,911 basehttp 154 "GET /register/js/axios-0.18.0.min.js HTTP/1.1" 404 2205
WARNING 2021-07-23 23:22:13,919 log 222 Not Found: /register/js/host.js
WARNING 2021-07-23 23:22:13,924 log 222 Not Found: /register/img/image_code.png
WARNING 2021-07-23 23:22:13,927 log 222 Not Found: /register/js/common.js
WARNING 2021-07-23 23:22:13,930 log 222 Not Found: /register/js/register.js
WARNING 2021-07-23 23:22:13,930 basehttp 154 "GET /register/js/host.js HTTP/1.1" 404 2169
WARNING 2021-07-23 23:22:13,930 basehttp 154 "GET /register/img/image_code.png HTTP/1.1" 404 2193
WARNING 2021-07-23 23:22:13,931 basehttp 154 "GET /register/js/common.js HTTP/1.1" 404 2175
WARNING 2021-07-23 23:22:13,932 basehttp 154 "GET /register/js/register.js HTTP/1.1" 404 2181
INFO 2021-07-23 23:22:45,256 basehttp 154 "GET /register/ HTTP/1.1" 200 5131
WARNING 2021-07-23 23:22:45,273 log 222 Not Found: /register/js/vue-2.5.16.js
WARNING 2021-07-23 23:22:45,274 log 222 Not Found: /register/js/axios-0.18.0.min.js
WARNING 2021-07-23 23:22:45,276 log 222 Not Found: /register/bootstrap/css/bootstrap.min.css
WARNING 2021-07-23 23:22:45,277 basehttp 154 "GET /register/js/vue-2.5.16.js HTTP/1.1" 404 2187
WARNING 2021-07-23 23:22:45,278 basehttp 154 "GET /register/js/axios-0.18.0.min.js HTTP/1.1" 404 2205
WARNING 2021-07-23 23:22:45,278 basehttp 154 "GET /register/bootstrap/css/bootstrap.min.css HTTP/1.1" 404 2232
WARNING 2021-07-23 23:22:45,284 log 222 Not Found: /register/js/host.js
WARNING 2021-07-23 23:22:45,301 log 222 Not Found: /register/js/axios-0.18.0.min.js
WARNING 2021-07-23 23:22:45,302 log 222 Not Found: /register/js/common.js
WARNING 2021-07-23 23:22:45,302 basehttp 154 "GET /register/js/host.js HTTP/1.1" 404 2169
WARNING 2021-07-23 23:22:45,303 basehttp 154 "GET /register/js/axios-0.18.0.min.js HTTP/1.1" 404 2205
WARNING 2021-07-23 23:22:45,303 basehttp 154 "GET /register/js/common.js HTTP/1.1" 404 2175
WARNING 2021-07-23 23:22:45,316 log 222 Not Found: /register/js/register.js
WARNING 2021-07-23 23:22:45,318 log 222 Not Found: /register/img/image_code.png
WARNING 2021-07-23 23:22:45,319 basehttp 154 "GET /register/js/register.js HTTP/1.1" 404 2181
WARNING 2021-07-23 23:22:45,321 log 222 Not Found: /register/js/host.js
WARNING 2021-07-23 23:22:45,321 basehttp 154 "GET /register/img/image_code.png HTTP/1.1" 404 2193
WARNING 2021-07-23 23:22:45,321 basehttp 154 "GET /register/js/host.js HTTP/1.1" 404 2169
WARNING 2021-07-23 23:22:45,331 log 222 Not Found: /register/js/common.js
WARNING 2021-07-23 23:22:45,331 basehttp 154 "GET /register/js/common.js HTTP/1.1" 404 2175
WARNING 2021-07-23 23:22:45,338 log 222 Not Found: /register/js/register.js
WARNING 2021-07-23 23:22:45,338 basehttp 154 "GET /register/js/register.js HTTP/1.1" 404 2181
INFO 2021-07-23 23:22:46,178 basehttp 154 "GET /register/ HTTP/1.1" 200 5131
WARNING 2021-07-23 23:22:46,195 log 222 Not Found: /register/bootstrap/css/bootstrap.min.css
WARNING 2021-07-23 23:22:46,197 basehttp 154 "GET /register/bootstrap/css/bootstrap.min.css HTTP/1.1" 404 2232
WARNING 2021-07-23 23:22:46,199 log 222 Not Found: /register/js/axios-0.18.0.min.js
WARNING 2021-07-23 23:22:46,200 log 222 Not Found: /register/js/vue-2.5.16.js
WARNING 2021-07-23 23:22:46,201 basehttp 154 "GET /register/js/axios-0.18.0.min.js HTTP/1.1" 404 2205
WARNING 2021-07-23 23:22:46,201 basehttp 154 "GET /register/js/vue-2.5.16.js HTTP/1.1" 404 2187
WARNING 2021-07-23 23:22:46,208 log 222 Not Found: /register/js/host.js
WARNING 2021-07-23 23:22:46,211 log 222 Not Found: /register/js/axios-0.18.0.min.js
WARNING 2021-07-23 23:22:46,211 basehttp 154 "GET /register/js/axios-0.18.0.min.js HTTP/1.1" 404 2205
WARNING 2021-07-23 23:22:46,211 basehttp 154 "GET /register/js/host.js HTTP/1.1" 404 2169
WARNING 2021-07-23 23:22:46,213 log 222 Not Found: /register/js/common.js
WARNING 2021-07-23 23:22:46,214 basehttp 154 "GET /register/js/common.js HTTP/1.1" 404 2175
WARNING 2021-07-23 23:22:46,220 log 222 Not Found: /register/js/register.js
WARNING 2021-07-23 23:22:46,223 log 222 Not Found: /register/img/image_code.png
WARNING 2021-07-23 23:22:46,224 log 222 Not Found: /register/js/host.js
WARNING 2021-07-23 23:22:46,226 basehttp 154 "GET /register/js/register.js HTTP/1.1" 404 2181
WARNING 2021-07-23 23:22:46,226 basehttp 154 "GET /register/img/image_code.png HTTP/1.1" 404 2193
WARNING 2021-07-23 23:22:46,227 basehttp 154 "GET /register/js/host.js HTTP/1.1" 404 2169
WARNING 2021-07-23 23:22:46,236 log 222 Not Found: /register/js/common.js
WARNING 2021-07-23 23:22:46,236 basehttp 154 "GET /register/js/common.js HTTP/1.1" 404 2175
WARNING 2021-07-23 23:22:46,244 log 222 Not Found: /register/js/register.js
WARNING 2021-07-23 23:22:46,244 basehttp 154 "GET /register/js/register.js HTTP/1.1" 404 2181
INFO 2021-07-23 23:25:54,357 basehttp 154 "GET /register/ HTTP/1.1" 200 5131
WARNING 2021-07-23 23:25:54,385 log 222 Not Found: /register/bootstrap/css/bootstrap.min.css
WARNING 2021-07-23 23:25:54,386 log 222 Not Found: /register/js/axios-0.18.0.min.js
WARNING 2021-07-23 23:25:54,388 log 222 Not Found: /register/js/vue-2.5.16.js
WARNING 2021-07-23 23:25:54,389 basehttp 154 "GET /register/bootstrap/css/bootstrap.min.css HTTP/1.1" 404 2232
WARNING 2021-07-23 23:25:54,390 basehttp 154 "GET /register/js/axios-0.18.0.min.js HTTP/1.1" 404 2205
WARNING 2021-07-23 23:25:54,390 basehttp 154 "GET /register/js/vue-2.5.16.js HTTP/1.1" 404 2187
WARNING 2021-07-23 23:25:54,401 log 222 Not Found: /register/js/host.js
WARNING 2021-07-23 23:25:54,402 log 222 Not Found: /register/js/common.js
WARNING 2021-07-23 23:25:54,403 log 222 Not Found: /register/js/axios-0.18.0.min.js
WARNING 2021-07-23 23:25:54,405 basehttp 154 "GET /register/js/host.js HTTP/1.1" 404 2169
WARNING 2021-07-23 23:25:54,405 basehttp 154 "GET /register/js/common.js HTTP/1.1" 404 2175
WARNING 2021-07-23 23:25:54,405 basehttp 154 "GET /register/js/axios-0.18.0.min.js HTTP/1.1" 404 2205
WARNING 2021-07-23 23:25:54,414 log 222 Not Found: /register/js/register.js
WARNING 2021-07-23 23:25:54,416 log 222 Not Found: /register/img/image_code.png
WARNING 2021-07-23 23:25:54,416 basehttp 154 "GET /register/js/register.js HTTP/1.1" 404 2181
WARNING 2021-07-23 23:25:54,417 basehttp 154 "GET /register/img/image_code.png HTTP/1.1" 404 2193
WARNING 2021-07-23 23:25:54,419 log 222 Not Found: /register/js/host.js
WARNING 2021-07-23 23:25:54,420 basehttp 154 "GET /register/js/host.js HTTP/1.1" 404 2169
WARNING 2021-07-23 23:25:54,428 log 222 Not Found: /register/js/common.js
WARNING 2021-07-23 23:25:54,428 basehttp 154 "GET /register/js/common.js HTTP/1.1" 404 2175
WARNING 2021-07-23 23:25:54,436 log 222 Not Found: /register/js/register.js
WARNING 2021-07-23 23:25:54,436 basehttp 154 "GET /register/js/register.js HTTP/1.1" 404 2181
INFO 2021-07-23 23:38:57,762 basehttp 154 "GET /register/ HTTP/1.1" 200 5319
INFO 2021-07-23 23:38:58,601 basehttp 154 "GET /static/js/register.js HTTP/1.1" 200 6407
WARNING 2021-07-23 23:38:58,633 log 222 Not Found: /imagecode/
WARNING 2021-07-23 23:38:58,634 basehttp 154 "GET /imagecode/?uuid=1cf8b6e4-8f59-4549-b242-55c4a07bd152 HTTP/1.1" 404 2184
WARNING 2021-07-24 17:35:18,806 log 222 Not Found: /
WARNING 2021-07-24 17:35:18,807 basehttp 154 "GET / HTTP/1.1" 404 2269
WARNING 2021-07-24 17:35:19,199 log 222 Not Found: /favicon.ico
WARNING 2021-07-24 17:35:19,200 basehttp 154 "GET /favicon.ico HTTP/1.1" 404 2320
INFO 2021-07-24 17:40:07,058 basehttp 154 "GET /imagecode/?uuid=123 HTTP/1.1" 200 3037
WARNING 2021-07-24 18:24:20,630 log 222 Not Found: /
WARNING 2021-07-24 18:24:20,630 basehttp 154 "GET / HTTP/1.1" 404 2269
INFO 2021-07-24 18:24:39,708 basehttp 154 "GET /register/ HTTP/1.1" 200 5319
INFO 2021-07-24 18:24:40,554 basehttp 154 "GET /static/js/register.js HTTP/1.1" 200 6407
INFO 2021-07-24 18:24:40,617 basehttp 154 "GET /imagecode/?uuid=81a11f50-fb21-4f56-9651-630174cc5adb HTTP/1.1" 200 3231
INFO 2021-07-24 18:24:42,514 basehttp 154 "GET /imagecode/?uuid=7c7a0fcb-87a2-4637-aa60-7692056864ab HTTP/1.1" 200 3049
INFO 2021-07-24 18:24:45,127 basehttp 154 "GET /imagecode/?uuid=424c926c-1db2-4bf3-a262-55647f5f0fb8 HTTP/1.1" 200 3263
INFO 2021-07-24 18:25:57,493 basehttp 154 "GET /imagecode/?uuid=150ad36a-043a-4b2f-a914-137b034c73af HTTP/1.1" 200 3465
INFO 2021-07-24 18:48:30,662 basehttp 154 "GET /register/ HTTP/1.1" 200 5319
INFO 2021-07-24 18:48:30,789 basehttp 154 "GET /imagecode/?uuid=242398ab-088f-4625-9226-9295306869ea HTTP/1.1" 200 3367
INFO 2021-07-24 18:49:06,104 basehttp 154 "GET /imagecode/?uuid=71a73b6c-498c-47c9-a5e2-722d1238d552 HTTP/1.1" 200 2722
INFO 2021-07-24 18:49:07,185 basehttp 154 "GET /imagecode/?uuid=474987dc-3434-49b6-829a-3d2bd972b76c HTTP/1.1" 200 2851
WARNING 2021-07-24 18:49:56,793 log 222 Not Found: /smscode/
WARNING 2021-07-24 18:49:56,795 basehttp 154 "GET /smscode/?mobile=13333333333&image_code=st17&uuid=474987dc-3434-49b6-829a-3d2bd972b76c HTTP/1.1" 404 2396
INFO 2021-07-24 18:50:02,910 basehttp 154 "GET /register/ HTTP/1.1" 200 5319
INFO 2021-07-24 18:50:02,989 basehttp 154 "GET /imagecode/?uuid=990484fc-d3d6-431c-a327-328630429e76 HTTP/1.1" 200 3264
WARNING 2021-07-24 18:50:16,429 log 222 Not Found: /smscode/
WARNING 2021-07-24 18:50:16,430 basehttp 154 "GET /smscode/?mobile=17858239518&image_code=43ww&uuid=990484fc-d3d6-431c-a327-328630429e76 HTTP/1.1" 404 2396
WARNING 2021-07-24 18:51:18,800 log 222 Not Found: /
WARNING 2021-07-24 18:51:18,801 basehttp 154 "GET / HTTP/1.1" 404 2269
INFO 2021-07-24 18:51:23,441 basehttp 154 "GET /register/ HTTP/1.1" 200 5319
INFO 2021-07-24 18:51:23,523 basehttp 154 "GET /imagecode/?uuid=52529faf-3369-4c07-b452-c1a605ae0da6 HTTP/1.1" 200 3224
WARNING 2021-07-24 18:51:35,627 log 222 Not Found: /smscode/
WARNING 2021-07-24 18:51:35,627 basehttp 154 "GET /smscode/?mobile=17858239518&image_code=nl7j&uuid=52529faf-3369-4c07-b452-c1a605ae0da6 HTTP/1.1" 404 2396
INFO 2021-07-24 18:58:34,624 basehttp 154 "GET /register/ HTTP/1.1" 200 5319
INFO 2021-07-24 18:58:34,712 basehttp 154 "GET /imagecode/?uuid=4d597dae-4183-4ba6-a8d2-e7528c81d27f HTTP/1.1" 200 3378
INFO 2021-07-24 18:58:41,369 basehttp 154 "GET /imagecode/?uuid=b6b57214-daf3-40d0-8f0c-6d76189aac39 HTTP/1.1" 200 3280
ERROR 2021-07-24 18:58:43,225 log 222 Internal Server Error: /smscode/
Traceback (most recent call last):
  File "D:\Python\lib\site-packages\django\core\handlers\exception.py", line 34, in inner
    response = get_response(request)
  File "D:\Python\lib\site-packages\django\core\handlers\base.py", line 135, in _get_response
    raise ValueError(
ValueError: The view users.views.SmsCodeView didn't return an HttpResponse object. It returned None instead.
ERROR 2021-07-24 18:58:43,226 basehttp 154 "GET /smscode/?mobile=17858239518&image_code=qqqq&uuid=b6b57214-daf3-40d0-8f0c-6d76189aac39 HTTP/1.1" 500 63079
WARNING 2021-07-24 19:00:19,252 log 222 Not Found: /
WARNING 2021-07-24 19:00:19,252 basehttp 154 "GET / HTTP/1.1" 404 2440
INFO 2021-07-24 19:00:20,532 basehttp 154 "GET /register/ HTTP/1.1" 200 5178
INFO 2021-07-24 19:00:20,773 basehttp 154 "GET /imagecode/?uuid=6d6a99fe-29fc-4724-a473-0c0f79069d12 HTTP/1.1" 200 2997
ERROR 2021-07-24 19:00:28,737 log 222 Internal Server Error: /smscode/
Traceback (most recent call last):
  File "D:\Python\lib\site-packages\django\core\handlers\exception.py", line 34, in inner
    response = get_response(request)
  File "D:\Python\lib\site-packages\django\core\handlers\base.py", line 135, in _get_response
    raise ValueError(
ValueError: The view users.views.SmsCodeView didn't return an HttpResponse object. It returned None instead.
ERROR 2021-07-24 19:00:28,739 basehttp 154 "GET /smscode/?mobile=17858239518&image_code=qewe&uuid=6d6a99fe-29fc-4724-a473-0c0f79069d12 HTTP/1.1" 500 63079
WARNING 2021-07-24 23:26:55,165 log 222 Not Found: /
WARNING 2021-07-24 23:26:55,166 basehttp 154 "GET / HTTP/1.1" 404 2440
INFO 2021-07-24 23:26:57,346 basehttp 154 "GET /register/ HTTP/1.1" 200 5178
ERROR 2021-07-24 23:26:59,835 log 222 Internal Server Error: /imagecode/
Traceback (most recent call last):
  File "D:\Python\lib\site-packages\redis\connection.py", line 559, in connect
    sock = self._connect()
  File "D:\Python\lib\site-packages\redis\connection.py", line 615, in _connect
    raise err
  File "D:\Python\lib\site-packages\redis\connection.py", line 603, in _connect
    sock.connect(socket_address)
ConnectionRefusedError: [WinError 10061] 由于目标计算机积极拒绝，无法连接。

During handling of the above exception, another exception occurred:

Traceback (most recent call last):
  File "D:\Python\lib\site-packages\django\core\handlers\exception.py", line 34, in inner
    response = get_response(request)
  File "D:\Python\lib\site-packages\django\core\handlers\base.py", line 126, in _get_response
    response = self.process_exception_by_middleware(e, request)
  File "D:\Python\lib\site-packages\django\core\handlers\base.py", line 124, in _get_response
    response = wrapped_callback(request, *callback_args, **callback_kwargs)
  File "D:\Python\lib\site-packages\django\views\generic\base.py", line 68, in view
    return self.dispatch(request, *args, **kwargs)
  File "D:\Python\lib\site-packages\django\views\generic\base.py", line 88, in dispatch
    return handler(request, *args, **kwargs)
  File "D:\webspace\iGEM\pywork\Blog\myblog\users\views.py", line 72, in get
    redis_conn.setex('img:%s' % uuid, 300, text)
  File "D:\Python\lib\site-packages\redis\client.py", line 1822, in setex
    return self.execute_command('SETEX', name, time, value)
  File "D:\Python\lib\site-packages\redis\client.py", line 898, in execute_command
    conn = self.connection or pool.get_connection(command_name, **options)
  File "D:\Python\lib\site-packages\redis\connection.py", line 1192, in get_connection
    connection.connect()
  File "D:\Python\lib\site-packages\redis\connection.py", line 563, in connect
    raise ConnectionError(self._error_message(e))
redis.exceptions.ConnectionError: Error 10061 connecting to 127.0.0.1:6379. 由于目标计算机积极拒绝，无法连接。.
ERROR 2021-07-24 23:26:59,841 basehttp 154 "GET /imagecode/?uuid=bef8cc79-e7bb-4deb-88af-54ba70fafc34 HTTP/1.1" 500 124233
WARNING 2021-07-24 23:26:59,853 log 222 Not Found: /favicon.ico
WARNING 2021-07-24 23:26:59,853 basehttp 154 "GET /favicon.ico HTTP/1.1" 404 2491
INFO 2021-07-24 23:27:04,727 basehttp 154 "GET /register/ HTTP/1.1" 200 5178
ERROR 2021-07-24 23:27:06,917 log 222 Internal Server Error: /imagecode/
Traceback (most recent call last):
  File "D:\Python\lib\site-packages\redis\connection.py", line 559, in connect
    sock = self._connect()
  File "D:\Python\lib\site-packages\redis\connection.py", line 615, in _connect
    raise err
  File "D:\Python\lib\site-packages\redis\connection.py", line 603, in _connect
    sock.connect(socket_address)
ConnectionRefusedError: [WinError 10061] 由于目标计算机积极拒绝，无法连接。

During handling of the above exception, another exception occurred:

Traceback (most recent call last):
  File "D:\Python\lib\site-packages\django\core\handlers\exception.py", line 34, in inner
    response = get_response(request)
  File "D:\Python\lib\site-packages\django\core\handlers\base.py", line 126, in _get_response
    response = self.process_exception_by_middleware(e, request)
  File "D:\Python\lib\site-packages\django\core\handlers\base.py", line 124, in _get_response
    response = wrapped_callback(request, *callback_args, **callback_kwargs)
  File "D:\Python\lib\site-packages\django\views\generic\base.py", line 68, in view
    return self.dispatch(request, *args, **kwargs)
  File "D:\Python\lib\site-packages\django\views\generic\base.py", line 88, in dispatch
    return handler(request, *args, **kwargs)
  File "D:\webspace\iGEM\pywork\Blog\myblog\users\views.py", line 72, in get
    redis_conn.setex('img:%s' % uuid, 300, text)
  File "D:\Python\lib\site-packages\redis\client.py", line 1822, in setex
    return self.execute_command('SETEX', name, time, value)
  File "D:\Python\lib\site-packages\redis\client.py", line 898, in execute_command
    conn = self.connection or pool.get_connection(command_name, **options)
  File "D:\Python\lib\site-packages\redis\connection.py", line 1192, in get_connection
    connection.connect()
  File "D:\Python\lib\site-packages\redis\connection.py", line 563, in connect
    raise ConnectionError(self._error_message(e))
redis.exceptions.ConnectionError: Error 10061 connecting to 127.0.0.1:6379. 由于目标计算机积极拒绝，无法连接。.
ERROR 2021-07-24 23:27:06,920 basehttp 154 "GET /imagecode/?uuid=977ce1af-6b0c-4fbd-8ea6-ee5b6a74e8d0 HTTP/1.1" 500 124271
ERROR 2021-07-24 23:27:14,815 log 222 Internal Server Error: /imagecode/
Traceback (most recent call last):
  File "D:\Python\lib\site-packages\redis\connection.py", line 559, in connect
    sock = self._connect()
  File "D:\Python\lib\site-packages\redis\connection.py", line 615, in _connect
    raise err
  File "D:\Python\lib\site-packages\redis\connection.py", line 603, in _connect
    sock.connect(socket_address)
ConnectionRefusedError: [WinError 10061] 由于目标计算机积极拒绝，无法连接。

During handling of the above exception, another exception occurred:

Traceback (most recent call last):
  File "D:\Python\lib\site-packages\django\core\handlers\exception.py", line 34, in inner
    response = get_response(request)
  File "D:\Python\lib\site-packages\django\core\handlers\base.py", line 126, in _get_response
    response = self.process_exception_by_middleware(e, request)
  File "D:\Python\lib\site-packages\django\core\handlers\base.py", line 124, in _get_response
    response = wrapped_callback(request, *callback_args, **callback_kwargs)
  File "D:\Python\lib\site-packages\django\views\generic\base.py", line 68, in view
    return self.dispatch(request, *args, **kwargs)
  File "D:\Python\lib\site-packages\django\views\generic\base.py", line 88, in dispatch
    return handler(request, *args, **kwargs)
  File "D:\webspace\iGEM\pywork\Blog\myblog\users\views.py", line 72, in get
    redis_conn.setex('img:%s' % uuid, 300, text)
  File "D:\Python\lib\site-packages\redis\client.py", line 1822, in setex
    return self.execute_command('SETEX', name, time, value)
  File "D:\Python\lib\site-packages\redis\client.py", line 898, in execute_command
    conn = self.connection or pool.get_connection(command_name, **options)
  File "D:\Python\lib\site-packages\redis\connection.py", line 1192, in get_connection
    connection.connect()
  File "D:\Python\lib\site-packages\redis\connection.py", line 563, in connect
    raise ConnectionError(self._error_message(e))
redis.exceptions.ConnectionError: Error 10061 connecting to 127.0.0.1:6379. 由于目标计算机积极拒绝，无法连接。.
ERROR 2021-07-24 23:27:14,818 basehttp 154 "GET /imagecode/?uuid=be19a155-e983-4512-be08-02e373359e21 HTTP/1.1" 500 124277
INFO 2021-07-24 23:27:29,030 basehttp 154 "GET /register/ HTTP/1.1" 200 5178
ERROR 2021-07-24 23:27:31,161 log 222 Internal Server Error: /imagecode/
Traceback (most recent call last):
  File "D:\Python\lib\site-packages\redis\connection.py", line 559, in connect
    sock = self._connect()
  File "D:\Python\lib\site-packages\redis\connection.py", line 615, in _connect
    raise err
  File "D:\Python\lib\site-packages\redis\connection.py", line 603, in _connect
    sock.connect(socket_address)
ConnectionRefusedError: [WinError 10061] 由于目标计算机积极拒绝，无法连接。

During handling of the above exception, another exception occurred:

Traceback (most recent call last):
  File "D:\Python\lib\site-packages\django\core\handlers\exception.py", line 34, in inner
    response = get_response(request)
  File "D:\Python\lib\site-packages\django\core\handlers\base.py", line 126, in _get_response
    response = self.process_exception_by_middleware(e, request)
  File "D:\Python\lib\site-packages\django\core\handlers\base.py", line 124, in _get_response
    response = wrapped_callback(request, *callback_args, **callback_kwargs)
  File "D:\Python\lib\site-packages\django\views\generic\base.py", line 68, in view
    return self.dispatch(request, *args, **kwargs)
  File "D:\Python\lib\site-packages\django\views\generic\base.py", line 88, in dispatch
    return handler(request, *args, **kwargs)
  File "D:\webspace\iGEM\pywork\Blog\myblog\users\views.py", line 72, in get
    redis_conn.setex('img:%s' % uuid, 300, text)
  File "D:\Python\lib\site-packages\redis\client.py", line 1822, in setex
    return self.execute_command('SETEX', name, time, value)
  File "D:\Python\lib\site-packages\redis\client.py", line 898, in execute_command
    conn = self.connection or pool.get_connection(command_name, **options)
  File "D:\Python\lib\site-packages\redis\connection.py", line 1192, in get_connection
    connection.connect()
  File "D:\Python\lib\site-packages\redis\connection.py", line 563, in connect
    raise ConnectionError(self._error_message(e))
redis.exceptions.ConnectionError: Error 10061 connecting to 127.0.0.1:6379. 由于目标计算机积极拒绝，无法连接。.
ERROR 2021-07-24 23:27:31,165 basehttp 154 "GET /imagecode/?uuid=1459c2b6-6415-431d-bdcb-2fdbd545eeec HTTP/1.1" 500 117716
INFO 2021-07-24 23:28:05,358 basehttp 154 "GET /register/ HTTP/1.1" 200 5178
INFO 2021-07-24 23:28:05,463 basehttp 154 "GET /imagecode/?uuid=99262ca6-67b4-4c5a-a22d-ba94b40c4eac HTTP/1.1" 200 3198
INFO 2021-07-24 23:31:35,774 basehttp 154 "GET /register/ HTTP/1.1" 200 5178
INFO 2021-07-24 23:31:35,878 basehttp 154 "GET /imagecode/?uuid=248fc208-b2ba-4c78-b594-d50588212030 HTTP/1.1" 200 3121
INFO 2021-07-24 23:31:44,060 basehttp 154 "GET /imagecode/?uuid=5f005798-01ba-4468-bc1f-723fd5b90b60 HTTP/1.1" 200 3627
INFO 2021-07-24 23:45:57,207 basehttp 154 "GET /imagecode/?uuid=c37ada10-8916-4cf0-8065-c3caaf65ddfc HTTP/1.1" 200 3174
INFO 2021-07-24 23:45:59,348 basehttp 154 "GET /imagecode/?uuid=de4c7912-2483-49d2-8c88-073a93c69087 HTTP/1.1" 200 3538
INFO 2021-07-24 23:46:06,385 views 116 778239
ERROR 2021-07-24 23:46:06,815 log 222 Internal Server Error: /smscode/
Traceback (most recent call last):
  File "D:\Python\lib\site-packages\django\core\handlers\exception.py", line 34, in inner
    response = get_response(request)
  File "D:\Python\lib\site-packages\django\core\handlers\base.py", line 135, in _get_response
    raise ValueError(
ValueError: The view users.views.SmsCodeView didn't return an HttpResponse object. It returned None instead.
ERROR 2021-07-24 23:46:06,818 basehttp 154 "GET /smscode/?mobile=17858239518&image_code=9ywo&uuid=de4c7912-2483-49d2-8c88-073a93c69087 HTTP/1.1" 500 69624
INFO 2021-07-24 23:48:25,560 basehttp 154 "GET /register/ HTTP/1.1" 200 5178
INFO 2021-07-24 23:48:25,691 basehttp 154 "GET /imagecode/?uuid=606dcabf-9c3d-4702-8e63-f207ef7ad711 HTTP/1.1" 200 3022
INFO 2021-07-24 23:48:41,623 views 116 639421
INFO 2021-07-24 23:48:41,972 basehttp 154 "GET /smscode/?mobile=17858239518&image_code=r7s4&uuid=606dcabf-9c3d-4702-8e63-f207ef7ad711 HTTP/1.1" 200 63
WARNING 2021-07-24 23:49:11,382 log 222 Forbidden (CSRF token missing or incorrect.): /register/
WARNING 2021-07-24 23:49:11,382 basehttp 154 "POST /register/ HTTP/1.1" 403 2513
WARNING 2021-07-24 23:50:28,723 log 222 Forbidden (CSRF token missing or incorrect.): /register/
WARNING 2021-07-24 23:50:28,724 basehttp 154 "POST /register/ HTTP/1.1" 403 2513
INFO 2021-07-24 23:50:31,027 basehttp 154 "GET /imagecode/?uuid=74da3f22-0956-451a-afb2-98b557954004 HTTP/1.1" 200 2830
INFO 2021-07-24 23:50:45,160 views 116 939878
INFO 2021-07-24 23:50:45,408 basehttp 154 "GET /smscode/?mobile=17858239518&image_code=43xq&uuid=74da3f22-0956-451a-afb2-98b557954004 HTTP/1.1" 200 63
WARNING 2021-07-24 23:51:01,699 log 222 Forbidden (CSRF token missing or incorrect.): /register/
WARNING 2021-07-24 23:51:01,700 basehttp 154 "POST /register/ HTTP/1.1" 403 2513
WARNING 2021-07-24 23:51:10,882 log 222 Forbidden (CSRF token missing or incorrect.): /register/
WARNING 2021-07-24 23:51:10,882 basehttp 154 "POST /register/ HTTP/1.1" 403 2513
INFO 2021-07-24 23:51:12,022 basehttp 154 "GET /imagecode/?uuid=21fc6aad-ca97-416e-8e59-9d708456db12 HTTP/1.1" 200 3064
INFO 2021-07-24 23:51:24,747 views 116 294999
INFO 2021-07-24 23:51:24,979 basehttp 154 "GET /smscode/?mobile=17858239518&image_code=dfl5&uuid=21fc6aad-ca97-416e-8e59-9d708456db12 HTTP/1.1" 200 63
WARNING 2021-07-24 23:51:31,329 log 222 Forbidden (CSRF token missing or incorrect.): /register/
WARNING 2021-07-24 23:51:31,330 basehttp 154 "POST /register/ HTTP/1.1" 403 2513
WARNING 2021-07-24 23:55:22,642 log 222 Not Found: /
WARNING 2021-07-24 23:55:22,643 basehttp 154 "GET / HTTP/1.1" 404 2440
INFO 2021-07-24 23:55:37,130 basehttp 154 "GET /register/ HTTP/1.1" 200 5319
INFO 2021-07-24 23:55:37,252 basehttp 154 "GET /imagecode/?uuid=28f68502-2582-4465-be3d-d9b6341409d1 HTTP/1.1" 200 3051
INFO 2021-07-24 23:55:45,851 basehttp 154 "GET /imagecode/?uuid=4c60837b-8ade-44ed-9e1d-df24cbc50256 HTTP/1.1" 200 3108
INFO 2021-07-24 23:55:49,217 views 116 801017
INFO 2021-07-24 23:55:49,420 basehttp 154 "GET /smscode/?mobile=17858239518&image_code=sgji&uuid=4c60837b-8ade-44ed-9e1d-df24cbc50256 HTTP/1.1" 200 63
INFO 2021-07-24 23:56:34,482 basehttp 154 "POST /register/ HTTP/1.1" 200 33
INFO 2021-07-25 00:05:29,080 basehttp 154 "GET /register/ HTTP/1.1" 200 5319
INFO 2021-07-25 00:05:29,199 basehttp 154 "GET /imagecode/?uuid=ebc0708e-5aa1-4614-847f-cabadd28bb71 HTTP/1.1" 200 2569
INFO 2021-07-25 00:05:32,331 basehttp 154 "GET / HTTP/1.1" 200 11726
WARNING 2021-07-25 00:05:32,356 log 222 Not Found: /bootstrap/css/bootstrap.min.css
WARNING 2021-07-25 00:05:32,357 log 222 Not Found: /md_css/monokai.css
WARNING 2021-07-25 00:05:32,358 basehttp 154 "GET /bootstrap/css/bootstrap.min.css HTTP/1.1" 404 2712
WARNING 2021-07-25 00:05:32,363 log 222 Not Found: /common/common.css
WARNING 2021-07-25 00:05:32,364 basehttp 154 "GET /md_css/monokai.css HTTP/1.1" 404 2673
WARNING 2021-07-25 00:05:32,367 log 222 Not Found: /common/jquery.pagination.css
WARNING 2021-07-25 00:05:32,369 log 222 Not Found: /js/jquery-1.12.4.min.js
WARNING 2021-07-25 00:05:32,369 basehttp 154 "GET /common/common.css HTTP/1.1" 404 2670
WARNING 2021-07-25 00:05:32,370 basehttp 154 "GET /common/jquery.pagination.css HTTP/1.1" 404 2703
WARNING 2021-07-25 00:05:32,372 basehttp 154 "GET /js/jquery-1.12.4.min.js HTTP/1.1" 404 2688
WARNING 2021-07-25 00:05:32,376 log 222 Not Found: /js/axios-0.18.0.min.js
WARNING 2021-07-25 00:05:32,380 log 222 Not Found: /js/vue-2.5.16.js
WARNING 2021-07-25 00:05:32,380 basehttp 154 "GET /js/axios-0.18.0.min.js HTTP/1.1" 404 2685
WARNING 2021-07-25 00:05:32,381 basehttp 154 "GET /js/vue-2.5.16.js HTTP/1.1" 404 2667
WARNING 2021-07-25 00:05:32,386 log 222 Not Found: /js/host.js
WARNING 2021-07-25 00:05:32,386 basehttp 154 "GET /js/host.js HTTP/1.1" 404 2649
WARNING 2021-07-25 00:05:32,391 log 222 Not Found: /js/common.js
WARNING 2021-07-25 00:05:32,391 basehttp 154 "GET /js/common.js HTTP/1.1" 404 2655
WARNING 2021-07-25 00:05:32,398 log 222 Not Found: /js/index.js
WARNING 2021-07-25 00:05:32,399 basehttp 154 "GET /js/index.js HTTP/1.1" 404 2652
WARNING 2021-07-25 00:05:32,404 log 222 Not Found: /js/jquery.pagination.min.js
WARNING 2021-07-25 00:05:32,404 basehttp 154 "GET /js/jquery.pagination.min.js HTTP/1.1" 404 2700
WARNING 2021-07-25 00:05:32,410 log 222 Not Found: /img/1.jpg
WARNING 2021-07-25 00:05:32,411 basehttp 154 "GET /img/1.jpg HTTP/1.1" 404 2646
WARNING 2021-07-25 00:05:32,702 log 222 Not Found: /js/axios-0.18.0.min.js
WARNING 2021-07-25 00:05:32,702 basehttp 154 "GET /js/axios-0.18.0.min.js HTTP/1.1" 404 2685
WARNING 2021-07-25 00:05:32,707 log 222 Not Found: /js/jquery-1.12.4.min.js
WARNING 2021-07-25 00:05:32,708 basehttp 154 "GET /js/jquery-1.12.4.min.js HTTP/1.1" 404 2688
WARNING 2021-07-25 00:05:32,715 log 222 Not Found: /img/1.jpg
WARNING 2021-07-25 00:05:32,716 basehttp 154 "GET /img/1.jpg HTTP/1.1" 404 2646
WARNING 2021-07-25 00:05:32,745 log 222 Not Found: /js/host.js
WARNING 2021-07-25 00:05:32,745 basehttp 154 "GET /js/host.js HTTP/1.1" 404 2649
WARNING 2021-07-25 00:05:32,755 log 222 Not Found: /js/common.js
WARNING 2021-07-25 00:05:32,756 basehttp 154 "GET /js/common.js HTTP/1.1" 404 2655
WARNING 2021-07-25 00:05:32,763 log 222 Not Found: /js/index.js
WARNING 2021-07-25 00:05:32,764 basehttp 154 "GET /js/index.js HTTP/1.1" 404 2652
WARNING 2021-07-25 00:05:32,770 log 222 Not Found: /js/jquery.pagination.min.js
WARNING 2021-07-25 00:05:32,770 basehttp 154 "GET /js/jquery.pagination.min.js HTTP/1.1" 404 2700
INFO 2021-07-25 00:05:57,948 basehttp 154 "GET / HTTP/1.1" 200 11726
WARNING 2021-07-25 00:05:57,974 log 222 Not Found: /bootstrap/css/bootstrap.min.css
WARNING 2021-07-25 00:05:57,977 log 222 Not Found: /md_css/monokai.css
WARNING 2021-07-25 00:05:57,979 basehttp 154 "GET /md_css/monokai.css HTTP/1.1" 404 2673
WARNING 2021-07-25 00:05:57,983 log 222 Not Found: /common/common.css
WARNING 2021-07-25 00:05:57,986 log 222 Not Found: /common/jquery.pagination.css
WARNING 2021-07-25 00:05:57,987 basehttp 154 "GET /bootstrap/css/bootstrap.min.css HTTP/1.1" 404 2712
WARNING 2021-07-25 00:05:57,987 basehttp 154 "GET /common/common.css HTTP/1.1" 404 2670
WARNING 2021-07-25 00:05:57,988 basehttp 154 "GET /common/jquery.pagination.css HTTP/1.1" 404 2703
WARNING 2021-07-25 00:05:57,990 log 222 Not Found: /js/jquery-1.12.4.min.js
WARNING 2021-07-25 00:05:57,992 log 222 Not Found: /js/vue-2.5.16.js
WARNING 2021-07-25 00:05:57,995 log 222 Not Found: /js/axios-0.18.0.min.js
WARNING 2021-07-25 00:05:57,996 basehttp 154 "GET /js/jquery-1.12.4.min.js HTTP/1.1" 404 2688
WARNING 2021-07-25 00:05:57,996 basehttp 154 "GET /js/vue-2.5.16.js HTTP/1.1" 404 2667
WARNING 2021-07-25 00:05:57,997 basehttp 154 "GET /js/axios-0.18.0.min.js HTTP/1.1" 404 2685
WARNING 2021-07-25 00:05:58,005 log 222 Not Found: /js/host.js
WARNING 2021-07-25 00:05:58,008 log 222 Not Found: /js/common.js
WARNING 2021-07-25 00:05:58,009 log 222 Not Found: /js/jquery-1.12.4.min.js
WARNING 2021-07-25 00:05:58,010 basehttp 154 "GET /js/common.js HTTP/1.1" 404 2655
WARNING 2021-07-25 00:05:58,010 basehttp 154 "GET /js/host.js HTTP/1.1" 404 2649
WARNING 2021-07-25 00:05:58,011 basehttp 154 "GET /js/jquery-1.12.4.min.js HTTP/1.1" 404 2688
WARNING 2021-07-25 00:05:58,022 log 222 Not Found: /js/index.js
WARNING 2021-07-25 00:05:58,024 log 222 Not Found: /js/jquery.pagination.min.js
WARNING 2021-07-25 00:05:58,027 log 222 Not Found: /img/1.jpg
WARNING 2021-07-25 00:05:58,028 basehttp 154 "GET /js/index.js HTTP/1.1" 404 2652
WARNING 2021-07-25 00:05:58,029 basehttp 154 "GET /js/jquery.pagination.min.js HTTP/1.1" 404 2700
WARNING 2021-07-25 00:05:58,032 log 222 Not Found: /js/host.js
WARNING 2021-07-25 00:05:58,033 basehttp 154 "GET /img/1.jpg HTTP/1.1" 404 2646
WARNING 2021-07-25 00:05:58,034 basehttp 154 "GET /js/host.js HTTP/1.1" 404 2649
WARNING 2021-07-25 00:05:58,040 log 222 Not Found: /js/common.js
WARNING 2021-07-25 00:05:58,041 basehttp 154 "GET /js/common.js HTTP/1.1" 404 2655
WARNING 2021-07-25 00:05:58,046 log 222 Not Found: /js/index.js
WARNING 2021-07-25 00:05:58,046 basehttp 154 "GET /js/index.js HTTP/1.1" 404 2652
WARNING 2021-07-25 00:05:58,055 log 222 Not Found: /js/jquery.pagination.min.js
WARNING 2021-07-25 00:05:58,055 basehttp 154 "GET /js/jquery.pagination.min.js HTTP/1.1" 404 2700
INFO 2021-07-25 00:15:56,673 basehttp 154 "GET / HTTP/1.1" 200 12313
WARNING 2021-07-25 00:15:56,698 log 222 Not Found: /md_css/monokai.css
WARNING 2021-07-25 00:15:56,700 basehttp 154 "GET /md_css/monokai.css HTTP/1.1" 404 2673
WARNING 2021-07-25 00:15:56,703 log 222 Not Found: /common/common.css
WARNING 2021-07-25 00:15:56,705 basehttp 154 "GET /common/common.css HTTP/1.1" 404 2670
WARNING 2021-07-25 00:15:56,709 log 222 Not Found: /common/jquery.pagination.css
WARNING 2021-07-25 00:15:56,710 basehttp 154 "GET /common/jquery.pagination.css HTTP/1.1" 404 2703
INFO 2021-07-25 00:15:57,817 basehttp 154 "GET /static/js/jquery-1.12.4.min.js HTTP/1.1" 200 97163
INFO 2021-07-25 00:15:57,827 basehttp 154 "GET /static/js/jquery.pagination.min.js HTTP/1.1" 200 2935
WARNING 2021-07-25 00:15:57,838 log 222 Not Found: /img/1.jpg
WARNING 2021-07-25 00:15:57,838 basehttp 154 "GET /img/1.jpg HTTP/1.1" 404 2646
INFO 2021-07-25 00:15:58,101 basehttp 154 "GET /static/js/index.js HTTP/1.1" 200 530
WARNING 2021-07-25 00:15:58,130 log 222 Not Found: /img/1.jpg
WARNING 2021-07-25 00:15:58,131 basehttp 154 "GET /img/1.jpg HTTP/1.1" 404 2646
INFO 2021-07-25 00:17:36,956 basehttp 154 "GET / HTTP/1.1" 200 12321
WARNING 2021-07-25 00:17:36,977 log 222 Not Found: /md_css/monokai.css
WARNING 2021-07-25 00:17:36,983 log 222 Not Found: /common/common.css
WARNING 2021-07-25 00:17:36,983 basehttp 154 "GET /md_css/monokai.css HTTP/1.1" 404 2673
WARNING 2021-07-25 00:17:36,984 basehttp 154 "GET /common/common.css HTTP/1.1" 404 2670
WARNING 2021-07-25 00:17:36,986 log 222 Not Found: /common/jquery.pagination.css
WARNING 2021-07-25 00:17:36,987 basehttp 154 "GET /common/jquery.pagination.css HTTP/1.1" 404 2703
WARNING 2021-07-25 00:17:36,993 log 222 Not Found: /img/1.jpg
WARNING 2021-07-25 00:17:36,994 basehttp 154 "GET /img/1.jpg HTTP/1.1" 404 2646
WARNING 2021-07-25 00:17:37,038 log 222 Not Found: /img/1.jpg
WARNING 2021-07-25 00:17:37,038 basehttp 154 "GET /img/1.jpg HTTP/1.1" 404 2646
INFO 2021-07-25 00:17:37,813 basehttp 154 "GET /static/img/1.jpg HTTP/1.1" 200 78682
INFO 2021-07-25 00:18:25,048 basehttp 154 "GET / HTTP/1.1" 200 12353
WARNING 2021-07-25 00:18:25,076 log 222 Not Found: /md_css/monokai.css
WARNING 2021-07-25 00:18:25,078 basehttp 154 "GET /md_css/monokai.css HTTP/1.1" 404 2673
WARNING 2021-07-25 00:18:25,081 log 222 Not Found: /common/common.css
WARNING 2021-07-25 00:18:25,083 log 222 Not Found: /common/jquery.pagination.css
WARNING 2021-07-25 00:18:25,083 basehttp 154 "GET /common/common.css HTTP/1.1" 404 2670
WARNING 2021-07-25 00:18:25,083 basehttp 154 "GET /common/jquery.pagination.css HTTP/1.1" 404 2703
ERROR 2021-07-25 00:25:48,345 log 222 Internal Server Error: /
Traceback (most recent call last):
  File "D:\Python\lib\site-packages\django\core\handlers\exception.py", line 34, in inner
    response = get_response(request)
  File "D:\Python\lib\site-packages\django\core\handlers\base.py", line 126, in _get_response
    response = self.process_exception_by_middleware(e, request)
  File "D:\Python\lib\site-packages\django\core\handlers\base.py", line 124, in _get_response
    response = wrapped_callback(request, *callback_args, **callback_kwargs)
  File "D:\Python\lib\site-packages\django\views\generic\base.py", line 68, in view
    return self.dispatch(request, *args, **kwargs)
  File "D:\Python\lib\site-packages\django\views\generic\base.py", line 88, in dispatch
    return handler(request, *args, **kwargs)
  File "D:\webspace\iGEM\pywork\Blog\myblog\home\views.py", line 11, in get
    return render(request, 'index.html')
  File "D:\Python\lib\site-packages\django\shortcuts.py", line 36, in render
    content = loader.render_to_string(template_name, context, request, using=using)
  File "D:\Python\lib\site-packages\django\template\loader.py", line 62, in render_to_string
    return template.render(context, request)
  File "D:\Python\lib\site-packages\django\template\backends\django.py", line 61, in render
    return self.template.render(context)
  File "D:\Python\lib\site-packages\django\template\base.py", line 171, in render
    return self._render(context)
  File "D:\Python\lib\site-packages\django\template\base.py", line 163, in _render
    return self.nodelist.render(context)
  File "D:\Python\lib\site-packages\django\template\base.py", line 937, in render
    bit = node.render_annotated(context)
  File "D:\Python\lib\site-packages\django\template\base.py", line 904, in render_annotated
    return self.render(context)
  File "D:\Python\lib\site-packages\django\template\defaulttags.py", line 442, in render
    url = reverse(view_name, args=args, kwargs=kwargs, current_app=current_app)
  File "D:\Python\lib\site-packages\django\urls\base.py", line 90, in reverse
    return iri_to_uri(resolver._reverse_with_prefix(view, prefix, *args, **kwargs))
  File "D:\Python\lib\site-packages\django\urls\resolvers.py", line 622, in _reverse_with_prefix
    raise NoReverseMatch(msg)
django.urls.exceptions.NoReverseMatch: Reverse for 'writeblog' not found. 'writeblog' is not a valid view function or pattern name.
ERROR 2021-07-25 00:25:48,350 basehttp 154 "GET / HTTP/1.1" 500 137454
INFO 2021-07-25 00:25:54,574 basehttp 154 "GET /imagecode/?uuid=b1722304-b0fe-4268-88e5-df471f68f985 HTTP/1.1" 200 3103
INFO 2021-07-25 00:26:14,721 basehttp 154 "GET / HTTP/1.1" 200 12353
WARNING 2021-07-25 00:26:14,749 log 222 Not Found: /md_css/monokai.css
WARNING 2021-07-25 00:26:14,752 log 222 Not Found: /common/common.css
WARNING 2021-07-25 00:26:14,754 log 222 Not Found: /common/jquery.pagination.css
WARNING 2021-07-25 00:26:14,754 basehttp 154 "GET /md_css/monokai.css HTTP/1.1" 404 2673
WARNING 2021-07-25 00:26:14,755 basehttp 154 "GET /common/common.css HTTP/1.1" 404 2670
WARNING 2021-07-25 00:26:14,756 basehttp 154 "GET /common/jquery.pagination.css HTTP/1.1" 404 2703
